Log file open, 01/26/21 20:09:02
LogWindows: Failed to load 'aqProf.dll' (GetLastError=126)
LogWindows: File 'aqProf.dll' does not exist
LogWindows: Failed to load 'VSPerf140.dll' (GetLastError=126)
LogWindows: File 'VSPerf140.dll' does not exist
LogWindows: Failed to load 'VtuneApi.dll' (GetLastError=126)
LogWindows: File 'VtuneApi.dll' does not exist
LogWindows: Failed to load 'VtuneApi32e.dll' (GetLastError=126)
LogWindows: File 'VtuneApi32e.dll' does not exist
LogInit: Display: Running engine for game: BallRunner_AM
LogPlatformFile: Not using cached read wrapper
LogTaskGraph: Started task graph with 5 named threads and 35 total threads with 3 sets of task threads.
LogStats: Stats thread started at 0.396834
LogD3D11RHI: Loaded GFSDK_Aftermath_Lib.x64.dll
LogICUInternationalization: Display: ICU TimeZone Detection - Raw Offset: +1:00, Platform Override: ''
LogPluginManager: Mounting plugin Paper2D
LogPluginManager: Mounting plugin AISupport
LogPluginManager: Mounting plugin LightPropagationVolume
LogPluginManager: Mounting plugin CLionSourceCodeAccess
LogPluginManager: Mounting plugin CodeLiteSourceCodeAccess
LogPluginManager: Mounting plugin GitSourceControl
LogPluginManager: Mounting plugin KDevelopSourceCodeAccess
LogPluginManager: Mounting plugin NullSourceCodeAccess
LogPluginManager: Mounting plugin PerforceSourceControl
LogPluginManager: Mounting plugin SubversionSourceControl
LogPluginManager: Mounting plugin UObjectPlugin
LogPluginManager: Mounting plugin VisualStudioCodeSourceCodeAccess
LogPluginManager: Mounting plugin VisualStudioSourceCodeAccess
LogPluginManager: Mounting plugin XCodeSourceCodeAccess
LogPluginManager: Mounting plugin AssetManagerEditor
LogPluginManager: Mounting plugin CryptoKeys
LogPluginManager: Mounting plugin DataValidation
LogPluginManager: Mounting plugin FacialAnimation
LogPluginManager: Mounting plugin GameplayTagsEditor
LogPluginManager: Mounting plugin MacGraphicsSwitching
LogPluginManager: Mounting plugin MeshEditor
LogPluginManager: Mounting plugin MobileLauncherProfileWizard
LogPluginManager: Mounting plugin PluginBrowser
LogPluginManager: Mounting plugin SpeedTreeImporter
LogPluginManager: Mounting plugin DatasmithContent
LogPluginManager: Mounting plugin AlembicImporter
LogPluginManager: Mounting plugin AppleImageUtils
LogPluginManager: Mounting plugin AppleVision
LogPluginManager: Mounting plugin BackChannel
LogPluginManager: Mounting plugin CharacterAI
LogPluginManager: Mounting plugin GeometryCache
LogPluginManager: Mounting plugin HTML5Networking
LogPluginManager: Mounting plugin ProxyLODPlugin
LogPluginManager: Mounting plugin MagicLeap
LogPluginManager: Mounting plugin MagicLeapEmulator
LogPluginManager: Mounting plugin MagicLeapMedia
LogPluginManager: Mounting plugin AndroidMedia
LogPluginManager: Mounting plugin AvfMedia
LogPluginManager: Mounting plugin ImgMedia
LogPluginManager: Mounting plugin LinearTimecode
LogPluginManager: Mounting plugin MediaCompositing
LogPluginManager: Mounting plugin MediaPlayerEditor
LogPluginManager: Mounting plugin WmfMedia
LogPluginManager: Mounting plugin TcpMessaging
LogPluginManager: Mounting plugin UdpMessaging
LogPluginManager: Mounting plugin ActorSequence
LogPluginManager: Mounting plugin LevelSequenceEditor
LogPluginManager: Mounting plugin MatineeToLevelSequence
LogPluginManager: Mounting plugin NetcodeUnitTest
LogPluginManager: Mounting plugin NUTUnrealEngine4
LogPluginManager: Mounting plugin OnlineSubsystemGooglePlay
LogPluginManager: Mounting plugin OnlineSubsystemIOS
LogPluginManager: Mounting plugin OnlineSubsystem
LogPluginManager: Mounting plugin OnlineSubsystemNull
LogPluginManager: Mounting plugin OnlineSubsystemUtils
LogPluginManager: Mounting plugin LauncherChunkInstaller
LogPluginManager: Mounting plugin AndroidDeviceProfileSelector
LogPluginManager: Mounting plugin AndroidMoviePlayer
LogPluginManager: Mounting plugin AndroidPermission
LogPluginManager: Mounting plugin AppleMoviePlayer
LogPluginManager: Mounting plugin ArchVisCharacter
LogPluginManager: Mounting plugin AudioCapture
LogPluginManager: Mounting plugin CableComponent
LogPluginManager: Mounting plugin CustomMeshComponent
LogPluginManager: Mounting plugin EditableMesh
LogPluginManager: Mounting plugin ExampleDeviceProfileSelector
LogPluginManager: Mounting plugin GoogleCloudMessaging
LogPluginManager: Mounting plugin ImmediatePhysics
LogPluginManager: Mounting plugin IOSDeviceProfileSelector
LogPluginManager: Mounting plugin LinuxDeviceProfileSelector
LogPluginManager: Mounting plugin LocationServicesBPLibrary
LogPluginManager: Mounting plugin MobilePatchingUtils
LogPluginManager: Mounting plugin OculusVR
LogPluginManager: Plugin shader directory ../../../Engine/Plugins/Runtime/Oculus/OculusVR/Shaders found
LogPluginManager: Mapping shader source directory ../../../Engine/Plugins/Runtime/Oculus/OculusVR/Shaders to virtual directory /Plugin/OculusVR
LogPluginManager: Mounting plugin PhysXVehicles
LogPluginManager: Mounting plugin ProceduralMeshComponent
LogPluginManager: Mounting plugin RuntimePhysXCooking
LogPluginManager: Mounting plugin SteamVR
LogPluginManager: Mounting plugin WindowsMoviePlayer
LogStreaming: Display: Took  0.077s to configure plugins.
LogInit: Using libcurl 7.55.1-DEV
LogInit:  - built for x86_64-pc-win32
LogInit:  - supports SSL with OpenSSL/1.0.2h
LogInit:  - supports HTTP deflate (compression) using libz 1.2.8
LogInit:  - other features:
LogInit:      CURL_VERSION_SSL
LogInit:      CURL_VERSION_LIBZ
LogInit:      CURL_VERSION_IPV6
LogInit:      CURL_VERSION_ASYNCHDNS
LogInit:      CURL_VERSION_LARGEFILE
LogInit:      CURL_VERSION_IDN
LogInit:  CurlRequestOptions (configurable via config and command line):
LogInit:  - bVerifyPeer = false  - Libcurl will NOT verify peer certificate
LogInit:  - bUseHttpProxy = false  - Libcurl will NOT use HTTP proxy
LogInit:  - bDontReuseConnections = false  - Libcurl will reuse connections
LogInit:  - CertBundlePath = nullptr  - Libcurl will use whatever was configured at build time.
LogInit:  - MaxHostConnections = 16  - Libcurl will limit the number of connections to a host
LogInit:  - LocalHostAddr = Default
LogInit:  - BufferSize = 65536
LogInit: WinSock: version 1.1 (2.2), MaxSocks=32767, MaxUdp=65467
LogInit: Build: ++UE4+Release-4.20-CL-4369336
LogInit: Engine Version: 4.20.3-4369336+++UE4+Release-4.20
LogInit: Compatible Engine Version: 4.20.0-4212847+++UE4+Release-4.20
LogInit: Net CL: 4212847
LogInit: OS: Windows 10 (), CPU: Intel(R) Core(TM) i7-9750H CPU @ 2.60GHz, GPU: Intel(R) UHD Graphics 630
LogInit: Compiled (64-bit): Sep 17 2018 12:26:19
LogInit: Compiled with Visual C++: 19.13.26129.00
LogInit: Build Configuration: Development
LogInit: Branch Name: ++UE4+Release-4.20
LogInit: Command Line: -EpicPortal  -epicusername="annmari96" -epicuserid=39c811b088e74dd88e8e538bd2515ec3 -epiclocale=pl
LogInit: Base Directory: D:/Mana/Unreal/Epic Games/UE_4.20/Engine/Binaries/Win64/
LogInit: Installed Engine Build: 1
LogDevObjectVersion: Number of dev versions registered: 20
LogDevObjectVersion:   Dev-Blueprints (B0D832E4-1F89-4F0D-ACCF-7EB736FD4AA2): 10
LogDevObjectVersion:   Dev-Build (E1C64328-A22C-4D53-A36C-8E866417BD8C): 0
LogDevObjectVersion:   Dev-Core (375EC13C-06E4-48FB-B500-84F0262A717E): 2
LogDevObjectVersion:   Dev-Editor (E4B068ED-F494-42E9-A231-DA0B2E46BB41): 24
LogDevObjectVersion:   Dev-Framework (CFFC743F-43B0-4480-9391-14DF171D2073): 34
LogDevObjectVersion:   Dev-Mobile (B02B49B5-BB20-44E9-A304-32B752E40360): 2
LogDevObjectVersion:   Dev-Networking (A4E4105C-59A1-49B5-A7C5-40C4547EDFEE): 0
LogDevObjectVersion:   Dev-Online (39C831C9-5AE6-47DC-9A44-9C173E1C8E7C): 0
LogDevObjectVersion:   Dev-Physics (78F01B33-EBEA-4F98-B9B4-84EACCB95AA2): 0
LogDevObjectVersion:   Dev-Platform (6631380F-2D4D-43E0-8009-CF276956A95A): 0
LogDevObjectVersion:   Dev-Rendering (12F88B9F-8875-4AFC-A67C-D90C383ABD29): 26
LogDevObjectVersion:   Dev-Sequencer (7B5AE74C-D270-4C10-A958-57980B212A5A): 9
LogDevObjectVersion:   Dev-VR (D7296918-1DD6-4BDD-9DE2-64A83CC13884): 2
LogDevObjectVersion:   Dev-LoadTimes (C2A15278-BFE7-4AFE-6C17-90FF531DF755): 1
LogDevObjectVersion:   Private-Geometry (6EACA3D4-40EC-4CC1-B786-8BED09428FC5): 3
LogDevObjectVersion:   Dev-AnimPhys (29E575DD-E0A3-4627-9D10-D276232CDCEA): 17
LogDevObjectVersion:   Dev-ReflectionCapture (6B266CEC-1EC7-4B8F-A30B-E4D90942FC07): 1
LogDevObjectVersion:   Dev-Automation (0DF73D61-A23F-47EA-B727-89E90C41499A): 1
LogDevObjectVersion:   FortniteMain (601D1886-AC64-4F84-AA16-D3DE0DEAC7D6): 12
LogDevObjectVersion:   Dev-Enterprise (9DFFBCD6-494F-0158-E221-12823C92A888): 1
LogStreaming: Display: Took  0.000s to delete old logs.
LogInit: Presizing for max 8388607 objects, including 0 objects not considered by GC, pre-allocating 0 bytes for permanent pool.
LogInit: Object subsystem initialized
[2021.01.26-19.09.02:770][  0]LogInit: Selected Device Profile: [Windows]
[2021.01.26-19.09.02:770][  0]LogInit: Applying CVar settings loaded from the selected device profile: [Windows]
[2021.01.26-19.09.02:780][  0]LogHAL: Display: Platform has ~ 16 GB [17016528896 / 17179869184 / 16], which maps to Larger [LargestMinGB=32, LargerMinGB=12, DefaultMinGB=8, SmallerMinGB=6, SmallestMinGB=0)
[2021.01.26-19.09.02:781][  0]LogInit: Setting Device Profile CVar: [[r.Vulkan.UseRealUBs:1]]
[2021.01.26-19.09.02:781][  0]LogInit: Going up to parent DeviceProfile []
[2021.01.26-19.09.02:781][  0]LogInit: Computer: DESKTOP-ORGVVAA
[2021.01.26-19.09.02:781][  0]LogInit: User: annma
[2021.01.26-19.09.02:781][  0]LogInit: CPU Page size=4096, Cores=6
[2021.01.26-19.09.02:781][  0]LogInit: High frequency timer resolution =10.000000 MHz
[2021.01.26-19.09.02:781][  0]LogMemory: Memory total: Physical=15.8GB (16GB approx)
[2021.01.26-19.09.02:781][  0]LogMemory: Platform Memory Stats for Windows
[2021.01.26-19.09.02:781][  0]LogMemory: Process Physical Memory: 101.81 MB used, 101.82 MB peak
[2021.01.26-19.09.02:781][  0]LogMemory: Process Virtual Memory: 94.12 MB used, 94.12 MB peak
[2021.01.26-19.09.02:781][  0]LogMemory: Physical Memory: 10115.11 MB used,  6113.11 MB free, 16228.23 MB total
[2021.01.26-19.09.02:781][  0]LogMemory: Virtual Memory: 4648.80 MB used,  6113.11 MB free, 134217728.00 MB total
[2021.01.26-19.09.02:794][  0]LogInit: Using OS detected language (pl-PL).
[2021.01.26-19.09.02:794][  0]LogInit: Using OS detected locale (pl-PL).
[2021.01.26-19.09.02:794][  0]LogTextLocalizationManager: No specific localization for 'pl-PL' exists, so the 'pl' localization will be used.
[2021.01.26-19.09.02:795][  0]LogStreaming: Display: Took  0.001s to InitEngineTextLocalization.
[2021.01.26-19.09.02:795][  0]LogInit: Setting process to per monitor DPI aware
[2021.01.26-19.09.02:815][  0]LogSlate: New Slate User Created.  User Index 0, Is Virtual User: 0
[2021.01.26-19.09.02:815][  0]LogSlate: Slate User Registered.  User Index 0, Is Virtual User: 0
[2021.01.26-19.09.02:959][  0]LogHMD: Failed to initialize OpenVR with code 110
[2021.01.26-19.09.02:959][  0]LogD3D11RHI: D3D11 adapters:
[2021.01.26-19.09.03:031][  0]LogD3D11RHI:    0. 'NVIDIA GeForce GTX 1650' (Feature Level 11_0)
[2021.01.26-19.09.03:031][  0]LogD3D11RHI:       3962/0/8114 MB DedicatedVideo/DedicatedSystem/SharedSystem, Outputs:1, VendorId:0x10de
[2021.01.26-19.09.03:043][  0]LogD3D11RHI:    1. 'Intel(R) UHD Graphics 630' (Feature Level 11_0)
[2021.01.26-19.09.03:043][  0]LogD3D11RHI:       128/0/8114 MB DedicatedVideo/DedicatedSystem/SharedSystem, Outputs:0, VendorId:0x8086
[2021.01.26-19.09.03:044][  0]LogD3D11RHI:    2. 'Microsoft Basic Render Driver' (Feature Level 11_0)
[2021.01.26-19.09.03:044][  0]LogD3D11RHI:       0/0/8114 MB DedicatedVideo/DedicatedSystem/SharedSystem, Outputs:0, VendorId:0x1414
[2021.01.26-19.09.03:044][  0]LogD3D11RHI: Chosen D3D11 Adapter: 0
[2021.01.26-19.09.03:056][  0]LogD3D11RHI: Creating new Direct3DDevice
[2021.01.26-19.09.03:056][  0]LogD3D11RHI:     GPU DeviceId: 0x1f91 (for the marketing name, search the web for "GPU Device Id")
[2021.01.26-19.09.03:056][  0]LogWindows: EnumDisplayDevices:
[2021.01.26-19.09.03:057][  0]LogWindows:    0. 'Intel(R) UHD Graphics 630' (P:1 D:1)
[2021.01.26-19.09.03:057][  0]LogWindows:    1. 'Intel(R) UHD Graphics 630' (P:0 D:0)
[2021.01.26-19.09.03:057][  0]LogWindows:    2. 'Intel(R) UHD Graphics 630' (P:0 D:0)
[2021.01.26-19.09.03:057][  0]LogWindows: DebugString: PrimaryIsNotTheChoosenAdapter PrimaryIsNotTheChoosenAdapter PrimaryIsNotTheChoosenAdapter FoundDriverCount:0 
[2021.01.26-19.09.03:057][  0]LogD3D11RHI:     Adapter Name: NVIDIA GeForce GTX 1650
[2021.01.26-19.09.03:057][  0]LogD3D11RHI:   Driver Version: Unknown (internal:Unknown, unified:Unknown)
[2021.01.26-19.09.03:057][  0]LogD3D11RHI:      Driver Date: Unknown
[2021.01.26-19.09.03:057][  0]LogRHI: Texture pool is 2773 MB (70% of 3962 MB)
[2021.01.26-19.09.03:099][  0]LogD3D11RHI: Async texture creation enabled
[2021.01.26-19.09.03:108][  0]LogD3D11RHI: GPU Timing Frequency: 1000.000000 (Debug: 2 1)
[2021.01.26-19.09.03:109][  0]LogShaderCompilers: Guid format shader working directory is -3 characters bigger than the processId version (C:/Users/annma/Desktop/Ball-Runner/BallRunner_AM/Intermediate/Shaders/WorkingDirectory/15800/).
[2021.01.26-19.09.03:109][  0]LogShaderCompilers: Cleaned the shader compiler working directory 'C:/Users/annma/AppData/Local/Temp/UnrealShaderWorkingDir/C136D2074EB784520490989AE1774750/'.
[2021.01.26-19.09.03:314][  0]LogTemp: Display: Loaded TP AllDesktopTargetPlatform
[2021.01.26-19.09.03:324][  0]LogTemp: Display: Loaded TP MacClientTargetPlatform
[2021.01.26-19.09.03:335][  0]LogTemp: Display: Loaded TP MacNoEditorTargetPlatform
[2021.01.26-19.09.03:346][  0]LogTemp: Display: Loaded TP MacServerTargetPlatform
[2021.01.26-19.09.03:358][  0]LogTemp: Display: Loaded TP MacTargetPlatform
[2021.01.26-19.09.03:368][  0]LogTemp: Display: Loaded TP WindowsClientTargetPlatform
[2021.01.26-19.09.03:379][  0]LogTemp: Display: Loaded TP WindowsNoEditorTargetPlatform
[2021.01.26-19.09.03:389][  0]LogTemp: Display: Loaded TP WindowsServerTargetPlatform
[2021.01.26-19.09.03:394][  0]LogTemp: Display: Loaded TP WindowsTargetPlatform
[2021.01.26-19.09.03:464][  0]LogTemp: Display: Loaded TP AndroidTargetPlatform
[2021.01.26-19.09.03:464][  0]LogTemp: Display: Loaded TP AndroidTargetPlatform
[2021.01.26-19.09.03:464][  0]LogTemp: Display: Loaded TP AndroidTargetPlatform
[2021.01.26-19.09.03:464][  0]LogTemp: Display: Loaded TP AndroidTargetPlatform
[2021.01.26-19.09.03:464][  0]LogTemp: Display: Loaded TP AndroidTargetPlatform
[2021.01.26-19.09.03:465][  0]LogTemp: Display: Loaded TP AndroidTargetPlatform
[2021.01.26-19.09.03:465][  0]LogTemp: Display: Loaded TP AndroidTargetPlatform
[2021.01.26-19.09.03:465][  0]LogTemp: Display: Loaded TP AndroidTargetPlatform
[2021.01.26-19.09.03:465][  0]LogTemp: Display: Loaded TP AndroidTargetPlatform
[2021.01.26-19.09.03:465][  0]LogTemp: Display: Loaded TP AndroidTargetPlatform
[2021.01.26-19.09.03:465][  0]LogTemp: Display: Loaded TP AndroidTargetPlatform
[2021.01.26-19.09.03:465][  0]LogTemp: Display: Loaded TP AndroidTargetPlatform
[2021.01.26-19.09.03:465][  0]LogTemp: Display: Loaded TP AndroidTargetPlatform
[2021.01.26-19.09.03:465][  0]LogTemp: Display: Loaded TP AndroidTargetPlatform
[2021.01.26-19.09.03:465][  0]LogTemp: Display: Loaded TP AndroidTargetPlatform
[2021.01.26-19.09.03:465][  0]LogTemp: Display: Loaded TP AndroidTargetPlatform
[2021.01.26-19.09.03:465][  0]LogTemp: Display: Loaded TP AndroidTargetPlatform
[2021.01.26-19.09.03:465][  0]LogTemp: Display: Loaded TP AndroidTargetPlatform
[2021.01.26-19.09.03:465][  0]LogTemp: Display: Loaded TP HTML5TargetPlatform
[2021.01.26-19.09.03:519][  0]LogTemp: Display: Loaded TP IOSTargetPlatform
[2021.01.26-19.09.03:519][  0]LogTemp: Display: Loaded TP IOSTargetPlatform
[2021.01.26-19.09.03:539][  0]LogTemp: Display: Loaded TP TVOSTargetPlatform
[2021.01.26-19.09.03:539][  0]LogTemp: Display: Loaded TP TVOSTargetPlatform
[2021.01.26-19.09.03:548][  0]LogTemp: Display: Loaded TP LinuxClientTargetPlatform
[2021.01.26-19.09.03:557][  0]LogTemp: Display: Loaded TP LinuxNoEditorTargetPlatform
[2021.01.26-19.09.03:566][  0]LogTemp: Display: Loaded TP LinuxServerTargetPlatform
[2021.01.26-19.09.03:577][  0]LogTemp: Display: Loaded TP LinuxTargetPlatform
[2021.01.26-19.09.03:584][  0]LogTemp: Display: Loaded TP LuminTargetPlatform
[2021.01.26-19.09.03:584][  0]LogTargetPlatformManager: Display: Building Assets For Windows
[2021.01.26-19.09.03:616][  0]LogXGEController: Cannot use XGE Controller as Incredibuild is not installed on this machine.
[2021.01.26-19.09.03:616][  0]LogShaderCompilers: Cannot use XGE Shader Compiler as Incredibuild is not installed on this machine.
[2021.01.26-19.09.03:616][  0]LogShaderCompilers: Display: Using Local Shader Compiler.
[2021.01.26-19.09.04:264][  0]LogDerivedDataCache: Display: Max Cache Size: 512 MB
[2021.01.26-19.09.04:307][  0]LogDerivedDataCache: Loaded boot cache 0.04s 71MB C:/Users/annma/AppData/Local/UnrealEngine/4.20/DerivedDataCache/Boot.ddc.
[2021.01.26-19.09.04:307][  0]LogDerivedDataCache: Display: Loaded Boot cache: C:/Users/annma/AppData/Local/UnrealEngine/4.20/DerivedDataCache/Boot.ddc
[2021.01.26-19.09.04:307][  0]LogDerivedDataCache: FDerivedDataBackendGraph:  Pak pak cache file C:/Users/annma/Desktop/Ball-Runner/BallRunner_AM/DerivedDataCache/DDC.ddp not found, will not use a pak cache.
[2021.01.26-19.09.04:307][  0]LogDerivedDataCache: Unable to find inner node Pak for hierarchical cache Hierarchy.
[2021.01.26-19.09.04:307][  0]LogDerivedDataCache: FDerivedDataBackendGraph:  CompressedPak pak cache file C:/Users/annma/Desktop/Ball-Runner/BallRunner_AM/DerivedDataCache/Compressed.ddp not found, will not use a pak cache.
[2021.01.26-19.09.04:307][  0]LogDerivedDataCache: Unable to find inner node CompressedPak for hierarchical cache Hierarchy.
[2021.01.26-19.09.04:320][  0]LogDerivedDataCache: Display: Pak cache opened for reading ../../../Engine/DerivedDataCache/Compressed.ddp.
[2021.01.26-19.09.04:332][  0]LogDerivedDataCache: Using Local data cache path C:/Users/annma/AppData/Local/UnrealEngine/Common/DerivedDataCache: Writable
[2021.01.26-19.09.04:332][  0]LogDerivedDataCache: Shared data cache path not found in *engine.ini, will not use an Shared cache.
[2021.01.26-19.09.04:332][  0]LogDerivedDataCache: Unable to find inner node Shared for hierarchical cache Hierarchy.
[2021.01.26-19.09.04:346][  0]LogMaterial: Verifying Global Shaders for PCD3D_SM5
[2021.01.26-19.09.04:347][  0]LogSlate: Using FreeType 2.6.0
[2021.01.26-19.09.04:347][  0]LogSlate: SlateFontServices - WITH_FREETYPE: 1, WITH_HARFBUZZ: 1
[2021.01.26-19.09.04:406][  0]LogAssetRegistry: FAssetRegistry took 0.0250 seconds to start up
[2021.01.26-19.09.04:674][  0]LogInit: Selected Device Profile: [Windows]
[2021.01.26-19.09.04:780][  0]LogSimplygon: Simplygon DLL not present - disabling.
[2021.01.26-19.09.04:782][  0]LogMeshReduction: Using SimplygonSwarm for distributed automatic mesh merging
[2021.01.26-19.09.04:782][  0]LogMeshReduction: Using ProxyLODMeshReduction for automatic mesh merging
[2021.01.26-19.09.04:782][  0]LogMeshReduction: Using QuadricMeshReduction for automatic static mesh reduction
[2021.01.26-19.09.04:782][  0]LogMeshReduction: No automatic skeletal mesh reduction module available
[2021.01.26-19.09.04:794][  0]LogNetVersion: BallRunner_AM 1.0.0, NetCL: 4212847, EngineNetVer: 5, GameNetVer: 0 (Checksum: 1950984296)
[2021.01.26-19.09.05:253][  0]LogPackageLocalizationCache: Processed 11 localized package path(s) for 2 prioritized culture(s) in 0.108698 seconds
[2021.01.26-19.09.05:258][  0]LogUObjectArray: 38425 objects as part of root set at end of initial load.
[2021.01.26-19.09.05:258][  0]LogUObjectAllocator: 6690864 out of 0 bytes used by permanent object pool.
[2021.01.26-19.09.05:258][  0]LogUObjectArray: CloseDisregardForGC: 0/0 objects in disregard for GC pool
[2021.01.26-19.09.05:954][  0]LogTcpMessaging: Initializing TcpMessaging bridge
[2021.01.26-19.09.05:974][  0]LogUdpMessaging: Initializing bridge on interface 0.0.0.0:0 to multicast group 230.0.0.1:6666.
[2021.01.26-19.09.06:109][  0]SourceControl: Source control is disabled
[2021.01.26-19.09.06:109][  0]SourceControl: Source control is disabled
[2021.01.26-19.09.06:110][  0]SourceControl: Source control is disabled
[2021.01.26-19.09.06:110][  0]SourceControl: Source control is disabled
[2021.01.26-19.09.06:247][  0]LogAndroidPermission: UAndroidPermissionCallbackProxy::GetInstance
[2021.01.26-19.09.06:288][  0]LogOcInput: OculusInput pre-init called
[2021.01.26-19.09.06:335][  0]LogEngine: Initializing Engine...
[2021.01.26-19.09.06:336][  0]LogHMD: Failed to initialize OpenVR with code 110
[2021.01.26-19.09.06:337][  0]LogStats: UGameplayTagsManager::ConstructGameplayTagTree: ImportINI prefixes -  0.000 s
[2021.01.26-19.09.06:337][  0]LogStats: UGameplayTagsManager::ConstructGameplayTagTree: Construct from data asset -  0.000 s
[2021.01.26-19.09.06:337][  0]LogStats: UGameplayTagsManager::ConstructGameplayTagTree: ImportINI -  0.000 s
[2021.01.26-19.09.06:337][  0]LogStats: UGameplayTagsManager::ConstructGameplayTagTree: GameplayTagTreeChangedEvent.Broadcast -  0.000 s
[2021.01.26-19.09.06:511][  0]LogInit: Initializing FReadOnlyCVARCache
[2021.01.26-19.09.06:519][  0]LogAIModule: Creating AISystem for world Untitled
[2021.01.26-19.09.06:579][  0]LogInit: XAudio2 using 'Głośniki (Realtek(R) Audio)' : 2 channels at 48 kHz using 32 bits per sample (channel mask 0x3)
[2021.01.26-19.09.06:611][  0]LogInit: FAudioDevice initialized.
[2021.01.26-19.09.06:611][  0]LogNetVersion: Set ProjectVersion to 1.0.0.0. Version Checksum will be recalculated on next use.
[2021.01.26-19.09.06:652][  0]LogDerivedDataCache: Saved boot cache 0.04s 71MB C:/Users/annma/AppData/Local/UnrealEngine/4.20/DerivedDataCache/Boot.ddc.
[2021.01.26-19.09.06:661][  0]LogInit: Texture streaming: Enabled
[2021.01.26-19.09.06:670][  0]LogEngineSessionManager: EngineSessionManager initialized
[2021.01.26-19.09.06:682][  0]LogInit: Transaction tracking system initialized
[2021.01.26-19.09.06:692][  0]BlueprintLog: New page: Editor Load
[2021.01.26-19.09.06:911][  0]LocalizationService: Localization service is disabled
[2021.01.26-19.09.06:962][  0]LogLinker: Warning: Can't find file '/Game/FirstPersonBP/FirstPersonOverview'
[2021.01.26-19.09.06:962][  0]LogLinker: Warning: Can't find file '/Game/FirstPersonBP/FirstPersonOverview'
[2021.01.26-19.09.06:962][  0]LogUObjectGlobals: Warning: Failed to find object 'Class /Game/FirstPersonBP/FirstPersonOverview.FirstPersonOverview_C'
[2021.01.26-19.09.07:112][  0]LogFileCache: Scanning file cache for directory 'C:/Users/annma/Desktop/Ball-Runner/BallRunner_AM/Content/' took 0.01s
[2021.01.26-19.09.07:112][  0]LogCook: Display: Max memory allowance for cook 16384mb min free memory 0mb
[2021.01.26-19.09.07:112][  0]LogCook: Display: Mobile HDR setting 1
[2021.01.26-19.09.07:112][  0]LogGameplayTags: Display: UGameplayTagsManager::DoneAddingNativeTags. DelegateIsBound: 0
[2021.01.26-19.09.07:112][  0]LogStats: UGameplayTagsManager::ConstructGameplayTagTree: ImportINI prefixes -  0.000 s
[2021.01.26-19.09.07:112][  0]LogStats: UGameplayTagsManager::ConstructGameplayTagTree: Construct from data asset -  0.000 s
[2021.01.26-19.09.07:112][  0]LogStats: UGameplayTagsManager::ConstructGameplayTagTree: ImportINI -  0.000 s
[2021.01.26-19.09.07:112][  0]LogStats: UGameplayTagsManager::ConstructGameplayTagTree: GameplayTagTreeChangedEvent.Broadcast -  0.000 s
[2021.01.26-19.09.07:187][  0]SourceControl: Source control is disabled
[2021.01.26-19.09.07:188][  0]LogFactory: FactoryCreateFile: PackFactory with PackFactory (0 0 D:/Mana/Unreal/Epic Games/UE_4.20/FeaturePacks/StarterContent.upack)
[2021.01.26-19.09.07:189][  0]LogPackFactory: Finished extracting 8 files (including 0 errors).
[2021.01.26-19.09.07:291][  0]LogPackFactory: Copied "../../../Samples/StarterContent/Content/StarterContent/Architecture/Floor_400x400.uasset" to "C:/Users/annma/Desktop/Ball-Runner/BallRunner_AM/Content/StarterContent/Architecture/Floor_400x400.uasset"
[2021.01.26-19.09.07:296][  0]LogPackFactory: Copied "../../../Samples/StarterContent/Content/StarterContent/Architecture/Pillar_50x500.uasset" to "C:/Users/annma/Desktop/Ball-Runner/BallRunner_AM/Content/StarterContent/Architecture/Pillar_50x500.uasset"
[2021.01.26-19.09.07:318][  0]LogPackFactory: Copied "../../../Samples/StarterContent/Content/StarterContent/Architecture/SM_AssetPlatform.uasset" to "C:/Users/annma/Desktop/Ball-Runner/BallRunner_AM/Content/StarterContent/Architecture/SM_AssetPlatform.uasset"
[2021.01.26-19.09.07:323][  0]LogPackFactory: Copied "../../../Samples/StarterContent/Content/StarterContent/Architecture/Wall_400x200.uasset" to "C:/Users/annma/Desktop/Ball-Runner/BallRunner_AM/Content/StarterContent/Architecture/Wall_400x200.uasset"
[2021.01.26-19.09.07:330][  0]LogPackFactory: Copied "../../../Samples/StarterContent/Content/StarterContent/Architecture/Wall_400x300.uasset" to "C:/Users/annma/Desktop/Ball-Runner/BallRunner_AM/Content/StarterContent/Architecture/Wall_400x300.uasset"
[2021.01.26-19.09.07:334][  0]LogPackFactory: Copied "../../../Samples/StarterContent/Content/StarterContent/Architecture/Wall_400x400.uasset" to "C:/Users/annma/Desktop/Ball-Runner/BallRunner_AM/Content/StarterContent/Architecture/Wall_400x400.uasset"
[2021.01.26-19.09.07:339][  0]LogPackFactory: Copied "../../../Samples/StarterContent/Content/StarterContent/Architecture/Wall_500x500.uasset" to "C:/Users/annma/Desktop/Ball-Runner/BallRunner_AM/Content/StarterContent/Architecture/Wall_500x500.uasset"
[2021.01.26-19.09.07:345][  0]LogPackFactory: Copied "../../../Samples/StarterContent/Content/StarterContent/Architecture/Wall_Door_400x300.uasset" to "C:/Users/annma/Desktop/Ball-Runner/BallRunner_AM/Content/StarterContent/Architecture/Wall_Door_400x300.uasset"
[2021.01.26-19.09.07:350][  0]LogPackFactory: Copied "../../../Samples/StarterContent/Content/StarterContent/Architecture/Wall_Door_400x400.uasset" to "C:/Users/annma/Desktop/Ball-Runner/BallRunner_AM/Content/StarterContent/Architecture/Wall_Door_400x400.uasset"
[2021.01.26-19.09.07:354][  0]LogPackFactory: Copied "../../../Samples/StarterContent/Content/StarterContent/Architecture/Wall_Window_400x300.uasset" to "C:/Users/annma/Desktop/Ball-Runner/BallRunner_AM/Content/StarterContent/Architecture/Wall_Window_400x300.uasset"
[2021.01.26-19.09.07:359][  0]LogPackFactory: Copied "../../../Samples/StarterContent/Content/StarterContent/Architecture/Wall_Window_400x400.uasset" to "C:/Users/annma/Desktop/Ball-Runner/BallRunner_AM/Content/StarterContent/Architecture/Wall_Window_400x400.uasset"
[2021.01.26-19.09.07:373][  0]LogPackFactory: Copied "../../../Samples/StarterContent/Content/StarterContent/Audio/Collapse01.uasset" to "C:/Users/annma/Desktop/Ball-Runner/BallRunner_AM/Content/StarterContent/Audio/Collapse01.uasset"
[2021.01.26-19.09.07:379][  0]LogPackFactory: Copied "../../../Samples/StarterContent/Content/StarterContent/Audio/Collapse02.uasset" to "C:/Users/annma/Desktop/Ball-Runner/BallRunner_AM/Content/StarterContent/Audio/Collapse02.uasset"
[2021.01.26-19.09.07:399][  0]LogPackFactory: Copied "../../../Samples/StarterContent/Content/StarterContent/Audio/Collapse_Cue.uasset" to "C:/Users/annma/Desktop/Ball-Runner/BallRunner_AM/Content/StarterContent/Audio/Collapse_Cue.uasset"
[2021.01.26-19.09.07:406][  0]LogPackFactory: Copied "../../../Samples/StarterContent/Content/StarterContent/Audio/Explosion01.uasset" to "C:/Users/annma/Desktop/Ball-Runner/BallRunner_AM/Content/StarterContent/Audio/Explosion01.uasset"
[2021.01.26-19.09.07:412][  0]LogPackFactory: Copied "../../../Samples/StarterContent/Content/StarterContent/Audio/Explosion02.uasset" to "C:/Users/annma/Desktop/Ball-Runner/BallRunner_AM/Content/StarterContent/Audio/Explosion02.uasset"
[2021.01.26-19.09.07:424][  0]LogPackFactory: Copied "../../../Samples/StarterContent/Content/StarterContent/Audio/Explosion_Cue.uasset" to "C:/Users/annma/Desktop/Ball-Runner/BallRunner_AM/Content/StarterContent/Audio/Explosion_Cue.uasset"
[2021.01.26-19.09.07:433][  0]LogPackFactory: Copied "../../../Samples/StarterContent/Content/StarterContent/Audio/Fire01.uasset" to "C:/Users/annma/Desktop/Ball-Runner/BallRunner_AM/Content/StarterContent/Audio/Fire01.uasset"
[2021.01.26-19.09.07:442][  0]LogPackFactory: Copied "../../../Samples/StarterContent/Content/StarterContent/Audio/Fire01_Cue.uasset" to "C:/Users/annma/Desktop/Ball-Runner/BallRunner_AM/Content/StarterContent/Audio/Fire01_Cue.uasset"
[2021.01.26-19.09.07:463][  0]LogPackFactory: Copied "../../../Samples/StarterContent/Content/StarterContent/Audio/Fire_Sparks01.uasset" to "C:/Users/annma/Desktop/Ball-Runner/BallRunner_AM/Content/StarterContent/Audio/Fire_Sparks01.uasset"
[2021.01.26-19.09.07:490][  0]LogPackFactory: Copied "../../../Samples/StarterContent/Content/StarterContent/Audio/Fire_Sparks01_Cue.uasset" to "C:/Users/annma/Desktop/Ball-Runner/BallRunner_AM/Content/StarterContent/Audio/Fire_Sparks01_Cue.uasset"
[2021.01.26-19.09.07:497][  0]LogPackFactory: Copied "../../../Samples/StarterContent/Content/StarterContent/Audio/Light01.uasset" to "C:/Users/annma/Desktop/Ball-Runner/BallRunner_AM/Content/StarterContent/Audio/Light01.uasset"
[2021.01.26-19.09.07:512][  0]LogPackFactory: Copied "../../../Samples/StarterContent/Content/StarterContent/Audio/Light01_Cue.uasset" to "C:/Users/annma/Desktop/Ball-Runner/BallRunner_AM/Content/StarterContent/Audio/Light01_Cue.uasset"
[2021.01.26-19.09.07:521][  0]LogPackFactory: Copied "../../../Samples/StarterContent/Content/StarterContent/Audio/Light02.uasset" to "C:/Users/annma/Desktop/Ball-Runner/BallRunner_AM/Content/StarterContent/Audio/Light02.uasset"
[2021.01.26-19.09.07:539][  0]LogPackFactory: Copied "../../../Samples/StarterContent/Content/StarterContent/Audio/Light02_Cue.uasset" to "C:/Users/annma/Desktop/Ball-Runner/BallRunner_AM/Content/StarterContent/Audio/Light02_Cue.uasset"
[2021.01.26-19.09.07:549][  0]LogPackFactory: Copied "../../../Samples/StarterContent/Content/StarterContent/Audio/Smoke01.uasset" to "C:/Users/annma/Desktop/Ball-Runner/BallRunner_AM/Content/StarterContent/Audio/Smoke01.uasset"
[2021.01.26-19.09.07:564][  0]LogPackFactory: Copied "../../../Samples/StarterContent/Content/StarterContent/Audio/Smoke01_Cue.uasset" to "C:/Users/annma/Desktop/Ball-Runner/BallRunner_AM/Content/StarterContent/Audio/Smoke01_Cue.uasset"
[2021.01.26-19.09.07:580][  0]LogPackFactory: Copied "../../../Samples/StarterContent/Content/StarterContent/Audio/Starter_Background_Cue.uasset" to "C:/Users/annma/Desktop/Ball-Runner/BallRunner_AM/Content/StarterContent/Audio/Starter_Background_Cue.uasset"
[2021.01.26-19.09.07:602][  0]LogPackFactory: Copied "../../../Samples/StarterContent/Content/StarterContent/Audio/Starter_Birds01.uasset" to "C:/Users/annma/Desktop/Ball-Runner/BallRunner_AM/Content/StarterContent/Audio/Starter_Birds01.uasset"
[2021.01.26-19.09.07:678][  0]LogPackFactory: Copied "../../../Samples/StarterContent/Content/StarterContent/Audio/Starter_Music01.uasset" to "C:/Users/annma/Desktop/Ball-Runner/BallRunner_AM/Content/StarterContent/Audio/Starter_Music01.uasset"
[2021.01.26-19.09.07:695][  0]LogPackFactory: Copied "../../../Samples/StarterContent/Content/StarterContent/Audio/Starter_Music_Cue.uasset" to "C:/Users/annma/Desktop/Ball-Runner/BallRunner_AM/Content/StarterContent/Audio/Starter_Music_Cue.uasset"
[2021.01.26-19.09.07:724][  0]LogPackFactory: Copied "../../../Samples/StarterContent/Content/StarterContent/Audio/Starter_Wind05.uasset" to "C:/Users/annma/Desktop/Ball-Runner/BallRunner_AM/Content/StarterContent/Audio/Starter_Wind05.uasset"
[2021.01.26-19.09.07:767][  0]LogPackFactory: Copied "../../../Samples/StarterContent/Content/StarterContent/Audio/Starter_Wind06.uasset" to "C:/Users/annma/Desktop/Ball-Runner/BallRunner_AM/Content/StarterContent/Audio/Starter_Wind06.uasset"
[2021.01.26-19.09.07:776][  0]LogPackFactory: Copied "../../../Samples/StarterContent/Content/StarterContent/Audio/Steam01.uasset" to "C:/Users/annma/Desktop/Ball-Runner/BallRunner_AM/Content/StarterContent/Audio/Steam01.uasset"
[2021.01.26-19.09.07:790][  0]LogPackFactory: Copied "../../../Samples/StarterContent/Content/StarterContent/Audio/Steam01_Cue.uasset" to "C:/Users/annma/Desktop/Ball-Runner/BallRunner_AM/Content/StarterContent/Audio/Steam01_Cue.uasset"
[2021.01.26-19.09.07:809][  0]LogPackFactory: Copied "../../../Samples/StarterContent/Content/StarterContent/Blueprints/Blueprint_CeilingLight.uasset" to "C:/Users/annma/Desktop/Ball-Runner/BallRunner_AM/Content/StarterContent/Blueprints/Blueprint_CeilingLight.uasset"
[2021.01.26-19.09.07:814][  0]LogPackFactory: Copied "../../../Samples/StarterContent/Content/StarterContent/Blueprints/Blueprint_Effect_Explosion.uasset" to "C:/Users/annma/Desktop/Ball-Runner/BallRunner_AM/Content/StarterContent/Blueprints/Blueprint_Effect_Explosion.uasset"
[2021.01.26-19.09.07:819][  0]LogPackFactory: Copied "../../../Samples/StarterContent/Content/StarterContent/Blueprints/Blueprint_Effect_Fire.uasset" to "C:/Users/annma/Desktop/Ball-Runner/BallRunner_AM/Content/StarterContent/Blueprints/Blueprint_Effect_Fire.uasset"
[2021.01.26-19.09.07:835][  0]LogPackFactory: Copied "../../../Samples/StarterContent/Content/StarterContent/Blueprints/Blueprint_Effect_Smoke.uasset" to "C:/Users/annma/Desktop/Ball-Runner/BallRunner_AM/Content/StarterContent/Blueprints/Blueprint_Effect_Smoke.uasset"
[2021.01.26-19.09.07:840][  0]LogPackFactory: Copied "../../../Samples/StarterContent/Content/StarterContent/Blueprints/Blueprint_Effect_Sparks.uasset" to "C:/Users/annma/Desktop/Ball-Runner/BallRunner_AM/Content/StarterContent/Blueprints/Blueprint_Effect_Sparks.uasset"
[2021.01.26-19.09.07:851][  0]LogPackFactory: Copied "../../../Samples/StarterContent/Content/StarterContent/Blueprints/Blueprint_Effect_Steam.uasset" to "C:/Users/annma/Desktop/Ball-Runner/BallRunner_AM/Content/StarterContent/Blueprints/Blueprint_Effect_Steam.uasset"
[2021.01.26-19.09.07:857][  0]LogPackFactory: Copied "../../../Samples/StarterContent/Content/StarterContent/Blueprints/Blueprint_WallSconce.uasset" to "C:/Users/annma/Desktop/Ball-Runner/BallRunner_AM/Content/StarterContent/Blueprints/Blueprint_WallSconce.uasset"
[2021.01.26-19.09.07:866][  0]LogPackFactory: Copied "../../../Samples/StarterContent/Content/StarterContent/Blueprints/BP_LightStudio.uasset" to "C:/Users/annma/Desktop/Ball-Runner/BallRunner_AM/Content/StarterContent/Blueprints/BP_LightStudio.uasset"
[2021.01.26-19.09.07:870][  0]LogPackFactory: Copied "../../../Samples/StarterContent/Content/StarterContent/Blueprints/Assets/FogBrightnessLUT.uasset" to "C:/Users/annma/Desktop/Ball-Runner/BallRunner_AM/Content/StarterContent/Blueprints/Assets/FogBrightnessLUT.uasset"
[2021.01.26-19.09.07:876][  0]LogPackFactory: Copied "../../../Samples/StarterContent/Content/StarterContent/Blueprints/Assets/M_LightStage_Arrows.uasset" to "C:/Users/annma/Desktop/Ball-Runner/BallRunner_AM/Content/StarterContent/Blueprints/Assets/M_LightStage_Arrows.uasset"
[2021.01.26-19.09.07:881][  0]LogPackFactory: Copied "../../../Samples/StarterContent/Content/StarterContent/Blueprints/Assets/M_LightStage_Skybox_Black.uasset" to "C:/Users/annma/Desktop/Ball-Runner/BallRunner_AM/Content/StarterContent/Blueprints/Assets/M_LightStage_Skybox_Black.uasset"
[2021.01.26-19.09.07:888][  0]LogPackFactory: Copied "../../../Samples/StarterContent/Content/StarterContent/Blueprints/Assets/M_LightStage_Skybox_HDRI.uasset" to "C:/Users/annma/Desktop/Ball-Runner/BallRunner_AM/Content/StarterContent/Blueprints/Assets/M_LightStage_Skybox_HDRI.uasset"
[2021.01.26-19.09.07:893][  0]LogPackFactory: Copied "../../../Samples/StarterContent/Content/StarterContent/Blueprints/Assets/M_LightStage_Skybox_Master.uasset" to "C:/Users/annma/Desktop/Ball-Runner/BallRunner_AM/Content/StarterContent/Blueprints/Assets/M_LightStage_Skybox_Master.uasset"
[2021.01.26-19.09.07:902][  0]LogPackFactory: Copied "../../../Samples/StarterContent/Content/StarterContent/Blueprints/Assets/Skybox.uasset" to "C:/Users/annma/Desktop/Ball-Runner/BallRunner_AM/Content/StarterContent/Blueprints/Assets/Skybox.uasset"
[2021.01.26-19.09.07:924][  0]LogPackFactory: Copied "../../../Samples/StarterContent/Content/StarterContent/Blueprints/Assets/SM_Arrows.uasset" to "C:/Users/annma/Desktop/Ball-Runner/BallRunner_AM/Content/StarterContent/Blueprints/Assets/SM_Arrows.uasset"
[2021.01.26-19.09.07:938][  0]LogPackFactory: Copied "../../../Samples/StarterContent/Content/StarterContent/Blueprints/Assets/SunlightColorLUT.uasset" to "C:/Users/annma/Desktop/Ball-Runner/BallRunner_AM/Content/StarterContent/Blueprints/Assets/SunlightColorLUT.uasset"
[2021.01.26-19.09.08:494][  0]LogPackFactory: Copied "../../../Samples/StarterContent/Content/StarterContent/HDRI/HDRI_Epic_Courtyard_Daylight.uasset" to "C:/Users/annma/Desktop/Ball-Runner/BallRunner_AM/Content/StarterContent/HDRI/HDRI_Epic_Courtyard_Daylight.uasset"
[2021.01.26-19.09.08:535][  0]LogPackFactory: Copied "../../../Samples/StarterContent/Content/StarterContent/Maps/Advanced_Lighting.umap" to "C:/Users/annma/Desktop/Ball-Runner/BallRunner_AM/Content/StarterContent/Maps/Advanced_Lighting.umap"
[2021.01.26-19.09.08:555][  0]LogPackFactory: Copied "../../../Samples/StarterContent/Content/StarterContent/Maps/Advanced_Lighting_BuiltData.uasset" to "C:/Users/annma/Desktop/Ball-Runner/BallRunner_AM/Content/StarterContent/Maps/Advanced_Lighting_BuiltData.uasset"
[2021.01.26-19.09.08:581][  0]LogPackFactory: Copied "../../../Samples/StarterContent/Content/StarterContent/Maps/Minimal_Default.umap" to "C:/Users/annma/Desktop/Ball-Runner/BallRunner_AM/Content/StarterContent/Maps/Minimal_Default.umap"
[2021.01.26-19.09.08:621][  0]LogPackFactory: Copied "../../../Samples/StarterContent/Content/StarterContent/Maps/Minimal_Default_BuiltData.uasset" to "C:/Users/annma/Desktop/Ball-Runner/BallRunner_AM/Content/StarterContent/Maps/Minimal_Default_BuiltData.uasset"
[2021.01.26-19.09.08:653][  0]LogPackFactory: Copied "../../../Samples/StarterContent/Content/StarterContent/Maps/StarterMap.umap" to "C:/Users/annma/Desktop/Ball-Runner/BallRunner_AM/Content/StarterContent/Maps/StarterMap.umap"
[2021.01.26-19.09.08:831][  0]LogPackFactory: Copied "../../../Samples/StarterContent/Content/StarterContent/Maps/StarterMap_BuiltData.uasset" to "C:/Users/annma/Desktop/Ball-Runner/BallRunner_AM/Content/StarterContent/Maps/StarterMap_BuiltData.uasset"
[2021.01.26-19.09.08:838][  0]LogPackFactory: Copied "../../../Samples/StarterContent/Content/StarterContent/Materials/M_AssetPlatform.uasset" to "C:/Users/annma/Desktop/Ball-Runner/BallRunner_AM/Content/StarterContent/Materials/M_AssetPlatform.uasset"
[2021.01.26-19.09.08:845][  0]LogPackFactory: Copied "../../../Samples/StarterContent/Content/StarterContent/Materials/M_Basic_Floor.uasset" to "C:/Users/annma/Desktop/Ball-Runner/BallRunner_AM/Content/StarterContent/Materials/M_Basic_Floor.uasset"
[2021.01.26-19.09.08:849][  0]LogPackFactory: Copied "../../../Samples/StarterContent/Content/StarterContent/Materials/M_Basic_Wall.uasset" to "C:/Users/annma/Desktop/Ball-Runner/BallRunner_AM/Content/StarterContent/Materials/M_Basic_Wall.uasset"
[2021.01.26-19.09.08:854][  0]LogPackFactory: Copied "../../../Samples/StarterContent/Content/StarterContent/Materials/M_Brick_Clay_Beveled.uasset" to "C:/Users/annma/Desktop/Ball-Runner/BallRunner_AM/Content/StarterContent/Materials/M_Brick_Clay_Beveled.uasset"
[2021.01.26-19.09.08:859][  0]LogPackFactory: Copied "../../../Samples/StarterContent/Content/StarterContent/Materials/M_Brick_Clay_New.uasset" to "C:/Users/annma/Desktop/Ball-Runner/BallRunner_AM/Content/StarterContent/Materials/M_Brick_Clay_New.uasset"
[2021.01.26-19.09.08:863][  0]LogPackFactory: Copied "../../../Samples/StarterContent/Content/StarterContent/Materials/M_Brick_Clay_Old.uasset" to "C:/Users/annma/Desktop/Ball-Runner/BallRunner_AM/Content/StarterContent/Materials/M_Brick_Clay_Old.uasset"
[2021.01.26-19.09.08:868][  0]LogPackFactory: Copied "../../../Samples/StarterContent/Content/StarterContent/Materials/M_Brick_Cut_Stone.uasset" to "C:/Users/annma/Desktop/Ball-Runner/BallRunner_AM/Content/StarterContent/Materials/M_Brick_Cut_Stone.uasset"
[2021.01.26-19.09.08:873][  0]LogPackFactory: Copied "../../../Samples/StarterContent/Content/StarterContent/Materials/M_Brick_Hewn_Stone.uasset" to "C:/Users/annma/Desktop/Ball-Runner/BallRunner_AM/Content/StarterContent/Materials/M_Brick_Hewn_Stone.uasset"
[2021.01.26-19.09.08:877][  0]LogPackFactory: Copied "../../../Samples/StarterContent/Content/StarterContent/Materials/M_Ceramic_Tile_Checker.uasset" to "C:/Users/annma/Desktop/Ball-Runner/BallRunner_AM/Content/StarterContent/Materials/M_Ceramic_Tile_Checker.uasset"
[2021.01.26-19.09.08:882][  0]LogPackFactory: Copied "../../../Samples/StarterContent/Content/StarterContent/Materials/M_CobbleStone_Pebble.uasset" to "C:/Users/annma/Desktop/Ball-Runner/BallRunner_AM/Content/StarterContent/Materials/M_CobbleStone_Pebble.uasset"
[2021.01.26-19.09.08:887][  0]LogPackFactory: Copied "../../../Samples/StarterContent/Content/StarterContent/Materials/M_CobbleStone_Rough.uasset" to "C:/Users/annma/Desktop/Ball-Runner/BallRunner_AM/Content/StarterContent/Materials/M_CobbleStone_Rough.uasset"
[2021.01.26-19.09.08:892][  0]LogPackFactory: Copied "../../../Samples/StarterContent/Content/StarterContent/Materials/M_CobbleStone_Smooth.uasset" to "C:/Users/annma/Desktop/Ball-Runner/BallRunner_AM/Content/StarterContent/Materials/M_CobbleStone_Smooth.uasset"
[2021.01.26-19.09.08:899][  0]LogPackFactory: Copied "../../../Samples/StarterContent/Content/StarterContent/Materials/M_ColorGrid_LowSpec.uasset" to "C:/Users/annma/Desktop/Ball-Runner/BallRunner_AM/Content/StarterContent/Materials/M_ColorGrid_LowSpec.uasset"
[2021.01.26-19.09.08:904][  0]LogPackFactory: Copied "../../../Samples/StarterContent/Content/StarterContent/Materials/M_Concrete_Grime.uasset" to "C:/Users/annma/Desktop/Ball-Runner/BallRunner_AM/Content/StarterContent/Materials/M_Concrete_Grime.uasset"
[2021.01.26-19.09.08:909][  0]LogPackFactory: Copied "../../../Samples/StarterContent/Content/StarterContent/Materials/M_Concrete_Panels.uasset" to "C:/Users/annma/Desktop/Ball-Runner/BallRunner_AM/Content/StarterContent/Materials/M_Concrete_Panels.uasset"
[2021.01.26-19.09.08:914][  0]LogPackFactory: Copied "../../../Samples/StarterContent/Content/StarterContent/Materials/M_Concrete_Poured.uasset" to "C:/Users/annma/Desktop/Ball-Runner/BallRunner_AM/Content/StarterContent/Materials/M_Concrete_Poured.uasset"
[2021.01.26-19.09.08:919][  0]LogPackFactory: Copied "../../../Samples/StarterContent/Content/StarterContent/Materials/M_Concrete_Tiles.uasset" to "C:/Users/annma/Desktop/Ball-Runner/BallRunner_AM/Content/StarterContent/Materials/M_Concrete_Tiles.uasset"
[2021.01.26-19.09.08:924][  0]LogPackFactory: Copied "../../../Samples/StarterContent/Content/StarterContent/Materials/M_Glass.uasset" to "C:/Users/annma/Desktop/Ball-Runner/BallRunner_AM/Content/StarterContent/Materials/M_Glass.uasset"
[2021.01.26-19.09.08:930][  0]LogPackFactory: Copied "../../../Samples/StarterContent/Content/StarterContent/Materials/M_Ground_Grass.uasset" to "C:/Users/annma/Desktop/Ball-Runner/BallRunner_AM/Content/StarterContent/Materials/M_Ground_Grass.uasset"
[2021.01.26-19.09.08:935][  0]LogPackFactory: Copied "../../../Samples/StarterContent/Content/StarterContent/Materials/M_Ground_Gravel.uasset" to "C:/Users/annma/Desktop/Ball-Runner/BallRunner_AM/Content/StarterContent/Materials/M_Ground_Gravel.uasset"
[2021.01.26-19.09.08:940][  0]LogPackFactory: Copied "../../../Samples/StarterContent/Content/StarterContent/Materials/M_Ground_Moss.uasset" to "C:/Users/annma/Desktop/Ball-Runner/BallRunner_AM/Content/StarterContent/Materials/M_Ground_Moss.uasset"
[2021.01.26-19.09.08:944][  0]LogPackFactory: Copied "../../../Samples/StarterContent/Content/StarterContent/Materials/M_Metal_Brushed_Nickel.uasset" to "C:/Users/annma/Desktop/Ball-Runner/BallRunner_AM/Content/StarterContent/Materials/M_Metal_Brushed_Nickel.uasset"
[2021.01.26-19.09.08:949][  0]LogPackFactory: Copied "../../../Samples/StarterContent/Content/StarterContent/Materials/M_Metal_Burnished_Steel.uasset" to "C:/Users/annma/Desktop/Ball-Runner/BallRunner_AM/Content/StarterContent/Materials/M_Metal_Burnished_Steel.uasset"
[2021.01.26-19.09.08:954][  0]LogPackFactory: Copied "../../../Samples/StarterContent/Content/StarterContent/Materials/M_Metal_Chrome.uasset" to "C:/Users/annma/Desktop/Ball-Runner/BallRunner_AM/Content/StarterContent/Materials/M_Metal_Chrome.uasset"
[2021.01.26-19.09.08:958][  0]LogPackFactory: Copied "../../../Samples/StarterContent/Content/StarterContent/Materials/M_Metal_Copper.uasset" to "C:/Users/annma/Desktop/Ball-Runner/BallRunner_AM/Content/StarterContent/Materials/M_Metal_Copper.uasset"
[2021.01.26-19.09.08:963][  0]LogPackFactory: Copied "../../../Samples/StarterContent/Content/StarterContent/Materials/M_Metal_Gold.uasset" to "C:/Users/annma/Desktop/Ball-Runner/BallRunner_AM/Content/StarterContent/Materials/M_Metal_Gold.uasset"
[2021.01.26-19.09.08:967][  0]LogPackFactory: Copied "../../../Samples/StarterContent/Content/StarterContent/Materials/M_Metal_Rust.uasset" to "C:/Users/annma/Desktop/Ball-Runner/BallRunner_AM/Content/StarterContent/Materials/M_Metal_Rust.uasset"
[2021.01.26-19.09.08:971][  0]LogPackFactory: Copied "../../../Samples/StarterContent/Content/StarterContent/Materials/M_Metal_Steel.uasset" to "C:/Users/annma/Desktop/Ball-Runner/BallRunner_AM/Content/StarterContent/Materials/M_Metal_Steel.uasset"
[2021.01.26-19.09.08:975][  0]LogPackFactory: Copied "../../../Samples/StarterContent/Content/StarterContent/Materials/M_Rock_Basalt.uasset" to "C:/Users/annma/Desktop/Ball-Runner/BallRunner_AM/Content/StarterContent/Materials/M_Rock_Basalt.uasset"
[2021.01.26-19.09.08:979][  0]LogPackFactory: Copied "../../../Samples/StarterContent/Content/StarterContent/Materials/M_Rock_Marble_Polished.uasset" to "C:/Users/annma/Desktop/Ball-Runner/BallRunner_AM/Content/StarterContent/Materials/M_Rock_Marble_Polished.uasset"
[2021.01.26-19.09.08:983][  0]LogPackFactory: Copied "../../../Samples/StarterContent/Content/StarterContent/Materials/M_Rock_Sandstone.uasset" to "C:/Users/annma/Desktop/Ball-Runner/BallRunner_AM/Content/StarterContent/Materials/M_Rock_Sandstone.uasset"
[2021.01.26-19.09.08:987][  0]LogPackFactory: Copied "../../../Samples/StarterContent/Content/StarterContent/Materials/M_Rock_Slate.uasset" to "C:/Users/annma/Desktop/Ball-Runner/BallRunner_AM/Content/StarterContent/Materials/M_Rock_Slate.uasset"
[2021.01.26-19.09.08:992][  0]LogPackFactory: Copied "../../../Samples/StarterContent/Content/StarterContent/Materials/M_Tech_Checker_Dot.uasset" to "C:/Users/annma/Desktop/Ball-Runner/BallRunner_AM/Content/StarterContent/Materials/M_Tech_Checker_Dot.uasset"
[2021.01.26-19.09.08:997][  0]LogPackFactory: Copied "../../../Samples/StarterContent/Content/StarterContent/Materials/M_Tech_Hex_Tile.uasset" to "C:/Users/annma/Desktop/Ball-Runner/BallRunner_AM/Content/StarterContent/Materials/M_Tech_Hex_Tile.uasset"
[2021.01.26-19.09.09:001][  0]LogPackFactory: Copied "../../../Samples/StarterContent/Content/StarterContent/Materials/M_Tech_Hex_Tile_Pulse.uasset" to "C:/Users/annma/Desktop/Ball-Runner/BallRunner_AM/Content/StarterContent/Materials/M_Tech_Hex_Tile_Pulse.uasset"
[2021.01.26-19.09.09:006][  0]LogPackFactory: Copied "../../../Samples/StarterContent/Content/StarterContent/Materials/M_Tech_Panel.uasset" to "C:/Users/annma/Desktop/Ball-Runner/BallRunner_AM/Content/StarterContent/Materials/M_Tech_Panel.uasset"
[2021.01.26-19.09.09:010][  0]LogPackFactory: Copied "../../../Samples/StarterContent/Content/StarterContent/Materials/M_Water_Lake.uasset" to "C:/Users/annma/Desktop/Ball-Runner/BallRunner_AM/Content/StarterContent/Materials/M_Water_Lake.uasset"
[2021.01.26-19.09.09:014][  0]LogPackFactory: Copied "../../../Samples/StarterContent/Content/StarterContent/Materials/M_Water_Ocean.uasset" to "C:/Users/annma/Desktop/Ball-Runner/BallRunner_AM/Content/StarterContent/Materials/M_Water_Ocean.uasset"
[2021.01.26-19.09.09:018][  0]LogPackFactory: Copied "../../../Samples/StarterContent/Content/StarterContent/Materials/M_Wood_Floor_Walnut_Polished.uasset" to "C:/Users/annma/Desktop/Ball-Runner/BallRunner_AM/Content/StarterContent/Materials/M_Wood_Floor_Walnut_Polished.uasset"
[2021.01.26-19.09.09:022][  0]LogPackFactory: Copied "../../../Samples/StarterContent/Content/StarterContent/Materials/M_Wood_Floor_Walnut_Worn.uasset" to "C:/Users/annma/Desktop/Ball-Runner/BallRunner_AM/Content/StarterContent/Materials/M_Wood_Floor_Walnut_Worn.uasset"
[2021.01.26-19.09.09:026][  0]LogPackFactory: Copied "../../../Samples/StarterContent/Content/StarterContent/Materials/M_Wood_Oak.uasset" to "C:/Users/annma/Desktop/Ball-Runner/BallRunner_AM/Content/StarterContent/Materials/M_Wood_Oak.uasset"
[2021.01.26-19.09.09:030][  0]LogPackFactory: Copied "../../../Samples/StarterContent/Content/StarterContent/Materials/M_Wood_Pine.uasset" to "C:/Users/annma/Desktop/Ball-Runner/BallRunner_AM/Content/StarterContent/Materials/M_Wood_Pine.uasset"
[2021.01.26-19.09.09:034][  0]LogPackFactory: Copied "../../../Samples/StarterContent/Content/StarterContent/Materials/M_Wood_Walnut.uasset" to "C:/Users/annma/Desktop/Ball-Runner/BallRunner_AM/Content/StarterContent/Materials/M_Wood_Walnut.uasset"
[2021.01.26-19.09.09:038][  0]LogPackFactory: Copied "../../../Samples/StarterContent/Content/StarterContent/Particles/P_Ambient_Dust.uasset" to "C:/Users/annma/Desktop/Ball-Runner/BallRunner_AM/Content/StarterContent/Particles/P_Ambient_Dust.uasset"
[2021.01.26-19.09.09:042][  0]LogPackFactory: Copied "../../../Samples/StarterContent/Content/StarterContent/Particles/P_Explosion.uasset" to "C:/Users/annma/Desktop/Ball-Runner/BallRunner_AM/Content/StarterContent/Particles/P_Explosion.uasset"
[2021.01.26-19.09.09:047][  0]LogPackFactory: Copied "../../../Samples/StarterContent/Content/StarterContent/Particles/P_Fire.uasset" to "C:/Users/annma/Desktop/Ball-Runner/BallRunner_AM/Content/StarterContent/Particles/P_Fire.uasset"
[2021.01.26-19.09.09:051][  0]LogPackFactory: Copied "../../../Samples/StarterContent/Content/StarterContent/Particles/P_Smoke.uasset" to "C:/Users/annma/Desktop/Ball-Runner/BallRunner_AM/Content/StarterContent/Particles/P_Smoke.uasset"
[2021.01.26-19.09.09:055][  0]LogPackFactory: Copied "../../../Samples/StarterContent/Content/StarterContent/Particles/P_Sparks.uasset" to "C:/Users/annma/Desktop/Ball-Runner/BallRunner_AM/Content/StarterContent/Particles/P_Sparks.uasset"
[2021.01.26-19.09.09:059][  0]LogPackFactory: Copied "../../../Samples/StarterContent/Content/StarterContent/Particles/P_Steam_Lit.uasset" to "C:/Users/annma/Desktop/Ball-Runner/BallRunner_AM/Content/StarterContent/Particles/P_Steam_Lit.uasset"
[2021.01.26-19.09.09:063][  0]LogPackFactory: Copied "../../../Samples/StarterContent/Content/StarterContent/Particles/Materials/M_Burst.uasset" to "C:/Users/annma/Desktop/Ball-Runner/BallRunner_AM/Content/StarterContent/Particles/Materials/M_Burst.uasset"
[2021.01.26-19.09.09:067][  0]LogPackFactory: Copied "../../../Samples/StarterContent/Content/StarterContent/Particles/Materials/M_Dust_Particle.uasset" to "C:/Users/annma/Desktop/Ball-Runner/BallRunner_AM/Content/StarterContent/Particles/Materials/M_Dust_Particle.uasset"
[2021.01.26-19.09.09:073][  0]LogPackFactory: Copied "../../../Samples/StarterContent/Content/StarterContent/Particles/Materials/M_explosion_subUV.uasset" to "C:/Users/annma/Desktop/Ball-Runner/BallRunner_AM/Content/StarterContent/Particles/Materials/M_explosion_subUV.uasset"
[2021.01.26-19.09.09:077][  0]LogPackFactory: Copied "../../../Samples/StarterContent/Content/StarterContent/Particles/Materials/M_Fire_SubUV.uasset" to "C:/Users/annma/Desktop/Ball-Runner/BallRunner_AM/Content/StarterContent/Particles/Materials/M_Fire_SubUV.uasset"
[2021.01.26-19.09.09:081][  0]LogPackFactory: Copied "../../../Samples/StarterContent/Content/StarterContent/Particles/Materials/m_flare_01.uasset" to "C:/Users/annma/Desktop/Ball-Runner/BallRunner_AM/Content/StarterContent/Particles/Materials/m_flare_01.uasset"
[2021.01.26-19.09.09:085][  0]LogPackFactory: Copied "../../../Samples/StarterContent/Content/StarterContent/Particles/Materials/M_Heat_Distortion.uasset" to "C:/Users/annma/Desktop/Ball-Runner/BallRunner_AM/Content/StarterContent/Particles/Materials/M_Heat_Distortion.uasset"
[2021.01.26-19.09.09:090][  0]LogPackFactory: Copied "../../../Samples/StarterContent/Content/StarterContent/Particles/Materials/M_Radial_Gradient.uasset" to "C:/Users/annma/Desktop/Ball-Runner/BallRunner_AM/Content/StarterContent/Particles/Materials/M_Radial_Gradient.uasset"
[2021.01.26-19.09.09:094][  0]LogPackFactory: Copied "../../../Samples/StarterContent/Content/StarterContent/Particles/Materials/M_radial_ramp.uasset" to "C:/Users/annma/Desktop/Ball-Runner/BallRunner_AM/Content/StarterContent/Particles/Materials/M_radial_ramp.uasset"
[2021.01.26-19.09.09:101][  0]LogPackFactory: Copied "../../../Samples/StarterContent/Content/StarterContent/Particles/Materials/M_smoke_subUV.uasset" to "C:/Users/annma/Desktop/Ball-Runner/BallRunner_AM/Content/StarterContent/Particles/Materials/M_smoke_subUV.uasset"
[2021.01.26-19.09.09:106][  0]LogPackFactory: Copied "../../../Samples/StarterContent/Content/StarterContent/Particles/Materials/M_Spark.uasset" to "C:/Users/annma/Desktop/Ball-Runner/BallRunner_AM/Content/StarterContent/Particles/Materials/M_Spark.uasset"
[2021.01.26-19.09.09:111][  0]LogPackFactory: Copied "../../../Samples/StarterContent/Content/StarterContent/Props/MaterialSphere.uasset" to "C:/Users/annma/Desktop/Ball-Runner/BallRunner_AM/Content/StarterContent/Props/MaterialSphere.uasset"
[2021.01.26-19.09.09:120][  0]LogPackFactory: Copied "../../../Samples/StarterContent/Content/StarterContent/Props/SM_Bush.uasset" to "C:/Users/annma/Desktop/Ball-Runner/BallRunner_AM/Content/StarterContent/Props/SM_Bush.uasset"
[2021.01.26-19.09.09:125][  0]LogPackFactory: Copied "../../../Samples/StarterContent/Content/StarterContent/Props/SM_Chair.uasset" to "C:/Users/annma/Desktop/Ball-Runner/BallRunner_AM/Content/StarterContent/Props/SM_Chair.uasset"
[2021.01.26-19.09.09:129][  0]LogPackFactory: Copied "../../../Samples/StarterContent/Content/StarterContent/Props/SM_CornerFrame.uasset" to "C:/Users/annma/Desktop/Ball-Runner/BallRunner_AM/Content/StarterContent/Props/SM_CornerFrame.uasset"
[2021.01.26-19.09.09:134][  0]LogPackFactory: Copied "../../../Samples/StarterContent/Content/StarterContent/Props/SM_Couch.uasset" to "C:/Users/annma/Desktop/Ball-Runner/BallRunner_AM/Content/StarterContent/Props/SM_Couch.uasset"
[2021.01.26-19.09.09:139][  0]LogPackFactory: Copied "../../../Samples/StarterContent/Content/StarterContent/Props/SM_Door.uasset" to "C:/Users/annma/Desktop/Ball-Runner/BallRunner_AM/Content/StarterContent/Props/SM_Door.uasset"
[2021.01.26-19.09.09:144][  0]LogPackFactory: Copied "../../../Samples/StarterContent/Content/StarterContent/Props/SM_DoorFrame.uasset" to "C:/Users/annma/Desktop/Ball-Runner/BallRunner_AM/Content/StarterContent/Props/SM_DoorFrame.uasset"
[2021.01.26-19.09.09:152][  0]LogPackFactory: Copied "../../../Samples/StarterContent/Content/StarterContent/Props/SM_GlassWindow.uasset" to "C:/Users/annma/Desktop/Ball-Runner/BallRunner_AM/Content/StarterContent/Props/SM_GlassWindow.uasset"
[2021.01.26-19.09.09:157][  0]LogPackFactory: Copied "../../../Samples/StarterContent/Content/StarterContent/Props/SM_Lamp_Ceiling.uasset" to "C:/Users/annma/Desktop/Ball-Runner/BallRunner_AM/Content/StarterContent/Props/SM_Lamp_Ceiling.uasset"
[2021.01.26-19.09.09:163][  0]LogPackFactory: Copied "../../../Samples/StarterContent/Content/StarterContent/Props/SM_Lamp_Wall.uasset" to "C:/Users/annma/Desktop/Ball-Runner/BallRunner_AM/Content/StarterContent/Props/SM_Lamp_Wall.uasset"
[2021.01.26-19.09.09:187][  0]LogPackFactory: Copied "../../../Samples/StarterContent/Content/StarterContent/Props/SM_MatPreviewMesh_02.uasset" to "C:/Users/annma/Desktop/Ball-Runner/BallRunner_AM/Content/StarterContent/Props/SM_MatPreviewMesh_02.uasset"
[2021.01.26-19.09.09:192][  0]LogPackFactory: Copied "../../../Samples/StarterContent/Content/StarterContent/Props/SM_PillarFrame.uasset" to "C:/Users/annma/Desktop/Ball-Runner/BallRunner_AM/Content/StarterContent/Props/SM_PillarFrame.uasset"
[2021.01.26-19.09.09:198][  0]LogPackFactory: Copied "../../../Samples/StarterContent/Content/StarterContent/Props/SM_PillarFrame300.uasset" to "C:/Users/annma/Desktop/Ball-Runner/BallRunner_AM/Content/StarterContent/Props/SM_PillarFrame300.uasset"
[2021.01.26-19.09.09:203][  0]LogPackFactory: Copied "../../../Samples/StarterContent/Content/StarterContent/Props/SM_Rock.uasset" to "C:/Users/annma/Desktop/Ball-Runner/BallRunner_AM/Content/StarterContent/Props/SM_Rock.uasset"
[2021.01.26-19.09.09:207][  0]LogPackFactory: Copied "../../../Samples/StarterContent/Content/StarterContent/Props/SM_Shelf.uasset" to "C:/Users/annma/Desktop/Ball-Runner/BallRunner_AM/Content/StarterContent/Props/SM_Shelf.uasset"
[2021.01.26-19.09.09:211][  0]LogPackFactory: Copied "../../../Samples/StarterContent/Content/StarterContent/Props/SM_Stairs.uasset" to "C:/Users/annma/Desktop/Ball-Runner/BallRunner_AM/Content/StarterContent/Props/SM_Stairs.uasset"
[2021.01.26-19.09.09:215][  0]LogPackFactory: Copied "../../../Samples/StarterContent/Content/StarterContent/Props/SM_Statue.uasset" to "C:/Users/annma/Desktop/Ball-Runner/BallRunner_AM/Content/StarterContent/Props/SM_Statue.uasset"
[2021.01.26-19.09.09:231][  0]LogPackFactory: Copied "../../../Samples/StarterContent/Content/StarterContent/Props/SM_TableRound.uasset" to "C:/Users/annma/Desktop/Ball-Runner/BallRunner_AM/Content/StarterContent/Props/SM_TableRound.uasset"
[2021.01.26-19.09.09:236][  0]LogPackFactory: Copied "../../../Samples/StarterContent/Content/StarterContent/Props/SM_WindowFrame.uasset" to "C:/Users/annma/Desktop/Ball-Runner/BallRunner_AM/Content/StarterContent/Props/SM_WindowFrame.uasset"
[2021.01.26-19.09.09:243][  0]LogPackFactory: Copied "../../../Samples/StarterContent/Content/StarterContent/Props/Materials/M_Bush.uasset" to "C:/Users/annma/Desktop/Ball-Runner/BallRunner_AM/Content/StarterContent/Props/Materials/M_Bush.uasset"
[2021.01.26-19.09.09:249][  0]LogPackFactory: Copied "../../../Samples/StarterContent/Content/StarterContent/Props/Materials/M_Chair.uasset" to "C:/Users/annma/Desktop/Ball-Runner/BallRunner_AM/Content/StarterContent/Props/Materials/M_Chair.uasset"
[2021.01.26-19.09.09:254][  0]LogPackFactory: Copied "../../../Samples/StarterContent/Content/StarterContent/Props/Materials/M_Door.uasset" to "C:/Users/annma/Desktop/Ball-Runner/BallRunner_AM/Content/StarterContent/Props/Materials/M_Door.uasset"
[2021.01.26-19.09.09:259][  0]LogPackFactory: Copied "../../../Samples/StarterContent/Content/StarterContent/Props/Materials/M_Frame.uasset" to "C:/Users/annma/Desktop/Ball-Runner/BallRunner_AM/Content/StarterContent/Props/Materials/M_Frame.uasset"
[2021.01.26-19.09.09:264][  0]LogPackFactory: Copied "../../../Samples/StarterContent/Content/StarterContent/Props/Materials/M_Lamp.uasset" to "C:/Users/annma/Desktop/Ball-Runner/BallRunner_AM/Content/StarterContent/Props/Materials/M_Lamp.uasset"
[2021.01.26-19.09.09:269][  0]LogPackFactory: Copied "../../../Samples/StarterContent/Content/StarterContent/Props/Materials/M_MaterialSphere.uasset" to "C:/Users/annma/Desktop/Ball-Runner/BallRunner_AM/Content/StarterContent/Props/Materials/M_MaterialSphere.uasset"
[2021.01.26-19.09.09:277][  0]LogPackFactory: Copied "../../../Samples/StarterContent/Content/StarterContent/Props/Materials/M_MaterialSphere_Plain.uasset" to "C:/Users/annma/Desktop/Ball-Runner/BallRunner_AM/Content/StarterContent/Props/Materials/M_MaterialSphere_Plain.uasset"
[2021.01.26-19.09.09:283][  0]LogPackFactory: Copied "../../../Samples/StarterContent/Content/StarterContent/Props/Materials/M_Rock.uasset" to "C:/Users/annma/Desktop/Ball-Runner/BallRunner_AM/Content/StarterContent/Props/Materials/M_Rock.uasset"
[2021.01.26-19.09.09:288][  0]LogPackFactory: Copied "../../../Samples/StarterContent/Content/StarterContent/Props/Materials/M_Shelf.uasset" to "C:/Users/annma/Desktop/Ball-Runner/BallRunner_AM/Content/StarterContent/Props/Materials/M_Shelf.uasset"
[2021.01.26-19.09.09:293][  0]LogPackFactory: Copied "../../../Samples/StarterContent/Content/StarterContent/Props/Materials/M_Statue.uasset" to "C:/Users/annma/Desktop/Ball-Runner/BallRunner_AM/Content/StarterContent/Props/Materials/M_Statue.uasset"
[2021.01.26-19.09.09:299][  0]LogPackFactory: Copied "../../../Samples/StarterContent/Content/StarterContent/Props/Materials/M_StatueGlass.uasset" to "C:/Users/annma/Desktop/Ball-Runner/BallRunner_AM/Content/StarterContent/Props/Materials/M_StatueGlass.uasset"
[2021.01.26-19.09.09:304][  0]LogPackFactory: Copied "../../../Samples/StarterContent/Content/StarterContent/Props/Materials/M_TableRound.uasset" to "C:/Users/annma/Desktop/Ball-Runner/BallRunner_AM/Content/StarterContent/Props/Materials/M_TableRound.uasset"
[2021.01.26-19.09.09:310][  0]LogPackFactory: Copied "../../../Samples/StarterContent/Content/StarterContent/Shapes/Shape_Cone.uasset" to "C:/Users/annma/Desktop/Ball-Runner/BallRunner_AM/Content/StarterContent/Shapes/Shape_Cone.uasset"
[2021.01.26-19.09.09:320][  0]LogPackFactory: Copied "../../../Samples/StarterContent/Content/StarterContent/Shapes/Shape_Cube.uasset" to "C:/Users/annma/Desktop/Ball-Runner/BallRunner_AM/Content/StarterContent/Shapes/Shape_Cube.uasset"
[2021.01.26-19.09.09:331][  0]LogPackFactory: Copied "../../../Samples/StarterContent/Content/StarterContent/Shapes/Shape_Cylinder.uasset" to "C:/Users/annma/Desktop/Ball-Runner/BallRunner_AM/Content/StarterContent/Shapes/Shape_Cylinder.uasset"
[2021.01.26-19.09.09:338][  0]LogPackFactory: Copied "../../../Samples/StarterContent/Content/StarterContent/Shapes/Shape_NarrowCapsule.uasset" to "C:/Users/annma/Desktop/Ball-Runner/BallRunner_AM/Content/StarterContent/Shapes/Shape_NarrowCapsule.uasset"
[2021.01.26-19.09.09:346][  0]LogPackFactory: Copied "../../../Samples/StarterContent/Content/StarterContent/Shapes/Shape_Pipe.uasset" to "C:/Users/annma/Desktop/Ball-Runner/BallRunner_AM/Content/StarterContent/Shapes/Shape_Pipe.uasset"
[2021.01.26-19.09.09:352][  0]LogPackFactory: Copied "../../../Samples/StarterContent/Content/StarterContent/Shapes/Shape_Pipe_180.uasset" to "C:/Users/annma/Desktop/Ball-Runner/BallRunner_AM/Content/StarterContent/Shapes/Shape_Pipe_180.uasset"
[2021.01.26-19.09.09:358][  0]LogPackFactory: Copied "../../../Samples/StarterContent/Content/StarterContent/Shapes/Shape_Pipe_90.uasset" to "C:/Users/annma/Desktop/Ball-Runner/BallRunner_AM/Content/StarterContent/Shapes/Shape_Pipe_90.uasset"
[2021.01.26-19.09.09:365][  0]LogPackFactory: Copied "../../../Samples/StarterContent/Content/StarterContent/Shapes/Shape_Plane.uasset" to "C:/Users/annma/Desktop/Ball-Runner/BallRunner_AM/Content/StarterContent/Shapes/Shape_Plane.uasset"
[2021.01.26-19.09.09:372][  0]LogPackFactory: Copied "../../../Samples/StarterContent/Content/StarterContent/Shapes/Shape_QuadPyramid.uasset" to "C:/Users/annma/Desktop/Ball-Runner/BallRunner_AM/Content/StarterContent/Shapes/Shape_QuadPyramid.uasset"
[2021.01.26-19.09.09:381][  0]LogPackFactory: Copied "../../../Samples/StarterContent/Content/StarterContent/Shapes/Shape_Sphere.uasset" to "C:/Users/annma/Desktop/Ball-Runner/BallRunner_AM/Content/StarterContent/Shapes/Shape_Sphere.uasset"
[2021.01.26-19.09.09:386][  0]LogPackFactory: Copied "../../../Samples/StarterContent/Content/StarterContent/Shapes/Shape_Torus.uasset" to "C:/Users/annma/Desktop/Ball-Runner/BallRunner_AM/Content/StarterContent/Shapes/Shape_Torus.uasset"
[2021.01.26-19.09.09:391][  0]LogPackFactory: Copied "../../../Samples/StarterContent/Content/StarterContent/Shapes/Shape_Trim.uasset" to "C:/Users/annma/Desktop/Ball-Runner/BallRunner_AM/Content/StarterContent/Shapes/Shape_Trim.uasset"
[2021.01.26-19.09.09:397][  0]LogPackFactory: Copied "../../../Samples/StarterContent/Content/StarterContent/Shapes/Shape_Trim_90_In.uasset" to "C:/Users/annma/Desktop/Ball-Runner/BallRunner_AM/Content/StarterContent/Shapes/Shape_Trim_90_In.uasset"
[2021.01.26-19.09.09:404][  0]LogPackFactory: Copied "../../../Samples/StarterContent/Content/StarterContent/Shapes/Shape_Trim_90_Out.uasset" to "C:/Users/annma/Desktop/Ball-Runner/BallRunner_AM/Content/StarterContent/Shapes/Shape_Trim_90_Out.uasset"
[2021.01.26-19.09.09:410][  0]LogPackFactory: Copied "../../../Samples/StarterContent/Content/StarterContent/Shapes/Shape_TriPyramid.uasset" to "C:/Users/annma/Desktop/Ball-Runner/BallRunner_AM/Content/StarterContent/Shapes/Shape_TriPyramid.uasset"
[2021.01.26-19.09.09:416][  0]LogPackFactory: Copied "../../../Samples/StarterContent/Content/StarterContent/Shapes/Shape_Tube.uasset" to "C:/Users/annma/Desktop/Ball-Runner/BallRunner_AM/Content/StarterContent/Shapes/Shape_Tube.uasset"
[2021.01.26-19.09.09:421][  0]LogPackFactory: Copied "../../../Samples/StarterContent/Content/StarterContent/Shapes/Shape_Wedge_A.uasset" to "C:/Users/annma/Desktop/Ball-Runner/BallRunner_AM/Content/StarterContent/Shapes/Shape_Wedge_A.uasset"
[2021.01.26-19.09.09:429][  0]LogPackFactory: Copied "../../../Samples/StarterContent/Content/StarterContent/Shapes/Shape_Wedge_B.uasset" to "C:/Users/annma/Desktop/Ball-Runner/BallRunner_AM/Content/StarterContent/Shapes/Shape_Wedge_B.uasset"
[2021.01.26-19.09.09:435][  0]LogPackFactory: Copied "../../../Samples/StarterContent/Content/StarterContent/Shapes/Shape_WideCapsule.uasset" to "C:/Users/annma/Desktop/Ball-Runner/BallRunner_AM/Content/StarterContent/Shapes/Shape_WideCapsule.uasset"
[2021.01.26-19.09.09:443][  0]LogPackFactory: Copied "../../../Samples/StarterContent/Content/StarterContent/Textures/T_Brick_Clay_Beveled_D.uasset" to "C:/Users/annma/Desktop/Ball-Runner/BallRunner_AM/Content/StarterContent/Textures/T_Brick_Clay_Beveled_D.uasset"
[2021.01.26-19.09.09:452][  0]LogPackFactory: Copied "../../../Samples/StarterContent/Content/StarterContent/Textures/T_Brick_Clay_Beveled_M.uasset" to "C:/Users/annma/Desktop/Ball-Runner/BallRunner_AM/Content/StarterContent/Textures/T_Brick_Clay_Beveled_M.uasset"
[2021.01.26-19.09.09:460][  0]LogPackFactory: Copied "../../../Samples/StarterContent/Content/StarterContent/Textures/T_Brick_Clay_Beveled_N.uasset" to "C:/Users/annma/Desktop/Ball-Runner/BallRunner_AM/Content/StarterContent/Textures/T_Brick_Clay_Beveled_N.uasset"
[2021.01.26-19.09.09:468][  0]LogPackFactory: Copied "../../../Samples/StarterContent/Content/StarterContent/Textures/T_Brick_Clay_New_D.uasset" to "C:/Users/annma/Desktop/Ball-Runner/BallRunner_AM/Content/StarterContent/Textures/T_Brick_Clay_New_D.uasset"
[2021.01.26-19.09.09:479][  0]LogPackFactory: Copied "../../../Samples/StarterContent/Content/StarterContent/Textures/T_Brick_Clay_New_M.uasset" to "C:/Users/annma/Desktop/Ball-Runner/BallRunner_AM/Content/StarterContent/Textures/T_Brick_Clay_New_M.uasset"
[2021.01.26-19.09.09:489][  0]LogPackFactory: Copied "../../../Samples/StarterContent/Content/StarterContent/Textures/T_Brick_Clay_New_N.uasset" to "C:/Users/annma/Desktop/Ball-Runner/BallRunner_AM/Content/StarterContent/Textures/T_Brick_Clay_New_N.uasset"
[2021.01.26-19.09.09:501][  0]LogPackFactory: Copied "../../../Samples/StarterContent/Content/StarterContent/Textures/T_Brick_Clay_Old_D.uasset" to "C:/Users/annma/Desktop/Ball-Runner/BallRunner_AM/Content/StarterContent/Textures/T_Brick_Clay_Old_D.uasset"
[2021.01.26-19.09.09:510][  0]LogPackFactory: Copied "../../../Samples/StarterContent/Content/StarterContent/Textures/T_Brick_Clay_Old_N.uasset" to "C:/Users/annma/Desktop/Ball-Runner/BallRunner_AM/Content/StarterContent/Textures/T_Brick_Clay_Old_N.uasset"
[2021.01.26-19.09.09:520][  0]LogPackFactory: Copied "../../../Samples/StarterContent/Content/StarterContent/Textures/T_Brick_Cut_Stone_D.uasset" to "C:/Users/annma/Desktop/Ball-Runner/BallRunner_AM/Content/StarterContent/Textures/T_Brick_Cut_Stone_D.uasset"
[2021.01.26-19.09.09:527][  0]LogPackFactory: Copied "../../../Samples/StarterContent/Content/StarterContent/Textures/T_Brick_Cut_Stone_N.uasset" to "C:/Users/annma/Desktop/Ball-Runner/BallRunner_AM/Content/StarterContent/Textures/T_Brick_Cut_Stone_N.uasset"
[2021.01.26-19.09.09:535][  0]LogPackFactory: Copied "../../../Samples/StarterContent/Content/StarterContent/Textures/T_Brick_Hewn_Stone_D.uasset" to "C:/Users/annma/Desktop/Ball-Runner/BallRunner_AM/Content/StarterContent/Textures/T_Brick_Hewn_Stone_D.uasset"
[2021.01.26-19.09.09:544][  0]LogPackFactory: Copied "../../../Samples/StarterContent/Content/StarterContent/Textures/T_Brick_Hewn_Stone_M.uasset" to "C:/Users/annma/Desktop/Ball-Runner/BallRunner_AM/Content/StarterContent/Textures/T_Brick_Hewn_Stone_M.uasset"
[2021.01.26-19.09.09:552][  0]LogPackFactory: Copied "../../../Samples/StarterContent/Content/StarterContent/Textures/T_Brick_Hewn_Stone_N.uasset" to "C:/Users/annma/Desktop/Ball-Runner/BallRunner_AM/Content/StarterContent/Textures/T_Brick_Hewn_Stone_N.uasset"
[2021.01.26-19.09.09:557][  0]LogPackFactory: Copied "../../../Samples/StarterContent/Content/StarterContent/Textures/T_Burst_M.uasset" to "C:/Users/annma/Desktop/Ball-Runner/BallRunner_AM/Content/StarterContent/Textures/T_Burst_M.uasset"
[2021.01.26-19.09.09:562][  0]LogPackFactory: Copied "../../../Samples/StarterContent/Content/StarterContent/Textures/T_Bush_D.uasset" to "C:/Users/annma/Desktop/Ball-Runner/BallRunner_AM/Content/StarterContent/Textures/T_Bush_D.uasset"
[2021.01.26-19.09.09:567][  0]LogPackFactory: Copied "../../../Samples/StarterContent/Content/StarterContent/Textures/T_Bush_N.uasset" to "C:/Users/annma/Desktop/Ball-Runner/BallRunner_AM/Content/StarterContent/Textures/T_Bush_N.uasset"
[2021.01.26-19.09.09:572][  0]LogPackFactory: Copied "../../../Samples/StarterContent/Content/StarterContent/Textures/T_Ceramic_Tile_M.uasset" to "C:/Users/annma/Desktop/Ball-Runner/BallRunner_AM/Content/StarterContent/Textures/T_Ceramic_Tile_M.uasset"
[2021.01.26-19.09.09:576][  0]LogPackFactory: Copied "../../../Samples/StarterContent/Content/StarterContent/Textures/T_Ceramic_Tile_N.uasset" to "C:/Users/annma/Desktop/Ball-Runner/BallRunner_AM/Content/StarterContent/Textures/T_Ceramic_Tile_N.uasset"
[2021.01.26-19.09.09:582][  0]LogPackFactory: Copied "../../../Samples/StarterContent/Content/StarterContent/Textures/T_Chair_M.uasset" to "C:/Users/annma/Desktop/Ball-Runner/BallRunner_AM/Content/StarterContent/Textures/T_Chair_M.uasset"
[2021.01.26-19.09.09:593][  0]LogPackFactory: Copied "../../../Samples/StarterContent/Content/StarterContent/Textures/T_Chair_N.uasset" to "C:/Users/annma/Desktop/Ball-Runner/BallRunner_AM/Content/StarterContent/Textures/T_Chair_N.uasset"
[2021.01.26-19.09.09:600][  0]LogPackFactory: Copied "../../../Samples/StarterContent/Content/StarterContent/Textures/T_Checker_Noise_M.uasset" to "C:/Users/annma/Desktop/Ball-Runner/BallRunner_AM/Content/StarterContent/Textures/T_Checker_Noise_M.uasset"
[2021.01.26-19.09.09:610][  0]LogPackFactory: Copied "../../../Samples/StarterContent/Content/StarterContent/Textures/T_CobbleStone_Pebble_D.uasset" to "C:/Users/annma/Desktop/Ball-Runner/BallRunner_AM/Content/StarterContent/Textures/T_CobbleStone_Pebble_D.uasset"
[2021.01.26-19.09.09:615][  0]LogPackFactory: Copied "../../../Samples/StarterContent/Content/StarterContent/Textures/T_CobbleStone_Pebble_M.uasset" to "C:/Users/annma/Desktop/Ball-Runner/BallRunner_AM/Content/StarterContent/Textures/T_CobbleStone_Pebble_M.uasset"
[2021.01.26-19.09.09:624][  0]LogPackFactory: Copied "../../../Samples/StarterContent/Content/StarterContent/Textures/T_CobbleStone_Pebble_N.uasset" to "C:/Users/annma/Desktop/Ball-Runner/BallRunner_AM/Content/StarterContent/Textures/T_CobbleStone_Pebble_N.uasset"
[2021.01.26-19.09.09:632][  0]LogPackFactory: Copied "../../../Samples/StarterContent/Content/StarterContent/Textures/T_CobbleStone_Rough_D.uasset" to "C:/Users/annma/Desktop/Ball-Runner/BallRunner_AM/Content/StarterContent/Textures/T_CobbleStone_Rough_D.uasset"
[2021.01.26-19.09.09:639][  0]LogPackFactory: Copied "../../../Samples/StarterContent/Content/StarterContent/Textures/T_CobbleStone_Rough_N.uasset" to "C:/Users/annma/Desktop/Ball-Runner/BallRunner_AM/Content/StarterContent/Textures/T_CobbleStone_Rough_N.uasset"
[2021.01.26-19.09.09:662][  0]LogPackFactory: Copied "../../../Samples/StarterContent/Content/StarterContent/Textures/T_CobbleStone_Smooth_D.uasset" to "C:/Users/annma/Desktop/Ball-Runner/BallRunner_AM/Content/StarterContent/Textures/T_CobbleStone_Smooth_D.uasset"
[2021.01.26-19.09.09:672][  0]LogPackFactory: Copied "../../../Samples/StarterContent/Content/StarterContent/Textures/T_CobbleStone_Smooth_M.uasset" to "C:/Users/annma/Desktop/Ball-Runner/BallRunner_AM/Content/StarterContent/Textures/T_CobbleStone_Smooth_M.uasset"
[2021.01.26-19.09.09:680][  0]LogPackFactory: Copied "../../../Samples/StarterContent/Content/StarterContent/Textures/T_CobbleStone_Smooth_N.uasset" to "C:/Users/annma/Desktop/Ball-Runner/BallRunner_AM/Content/StarterContent/Textures/T_CobbleStone_Smooth_N.uasset"
[2021.01.26-19.09.09:690][  0]LogPackFactory: Copied "../../../Samples/StarterContent/Content/StarterContent/Textures/T_Concrete_Grime_D.uasset" to "C:/Users/annma/Desktop/Ball-Runner/BallRunner_AM/Content/StarterContent/Textures/T_Concrete_Grime_D.uasset"
[2021.01.26-19.09.09:700][  0]LogPackFactory: Copied "../../../Samples/StarterContent/Content/StarterContent/Textures/T_Concrete_Panels_D.uasset" to "C:/Users/annma/Desktop/Ball-Runner/BallRunner_AM/Content/StarterContent/Textures/T_Concrete_Panels_D.uasset"
[2021.01.26-19.09.09:707][  0]LogPackFactory: Copied "../../../Samples/StarterContent/Content/StarterContent/Textures/T_Concrete_Panels_N.uasset" to "C:/Users/annma/Desktop/Ball-Runner/BallRunner_AM/Content/StarterContent/Textures/T_Concrete_Panels_N.uasset"
[2021.01.26-19.09.09:716][  0]LogPackFactory: Copied "../../../Samples/StarterContent/Content/StarterContent/Textures/T_Concrete_Poured_D.uasset" to "C:/Users/annma/Desktop/Ball-Runner/BallRunner_AM/Content/StarterContent/Textures/T_Concrete_Poured_D.uasset"
[2021.01.26-19.09.09:726][  0]LogPackFactory: Copied "../../../Samples/StarterContent/Content/StarterContent/Textures/T_Concrete_Poured_N.uasset" to "C:/Users/annma/Desktop/Ball-Runner/BallRunner_AM/Content/StarterContent/Textures/T_Concrete_Poured_N.uasset"
[2021.01.26-19.09.09:735][  0]LogPackFactory: Copied "../../../Samples/StarterContent/Content/StarterContent/Textures/T_Concrete_Tiles_D.uasset" to "C:/Users/annma/Desktop/Ball-Runner/BallRunner_AM/Content/StarterContent/Textures/T_Concrete_Tiles_D.uasset"
[2021.01.26-19.09.09:742][  0]LogPackFactory: Copied "../../../Samples/StarterContent/Content/StarterContent/Textures/T_Concrete_Tiles_M.uasset" to "C:/Users/annma/Desktop/Ball-Runner/BallRunner_AM/Content/StarterContent/Textures/T_Concrete_Tiles_M.uasset"
[2021.01.26-19.09.09:751][  0]LogPackFactory: Copied "../../../Samples/StarterContent/Content/StarterContent/Textures/T_Concrete_Tiles_N.uasset" to "C:/Users/annma/Desktop/Ball-Runner/BallRunner_AM/Content/StarterContent/Textures/T_Concrete_Tiles_N.uasset"
[2021.01.26-19.09.09:756][  0]LogPackFactory: Copied "../../../Samples/StarterContent/Content/StarterContent/Textures/T_Concrete_Tiles_Variation_M.uasset" to "C:/Users/annma/Desktop/Ball-Runner/BallRunner_AM/Content/StarterContent/Textures/T_Concrete_Tiles_Variation_M.uasset"
[2021.01.26-19.09.09:764][  0]LogPackFactory: Copied "../../../Samples/StarterContent/Content/StarterContent/Textures/T_Detail_Rocky_N.uasset" to "C:/Users/annma/Desktop/Ball-Runner/BallRunner_AM/Content/StarterContent/Textures/T_Detail_Rocky_N.uasset"
[2021.01.26-19.09.09:769][  0]LogPackFactory: Copied "../../../Samples/StarterContent/Content/StarterContent/Textures/T_Door_M.uasset" to "C:/Users/annma/Desktop/Ball-Runner/BallRunner_AM/Content/StarterContent/Textures/T_Door_M.uasset"
[2021.01.26-19.09.09:774][  0]LogPackFactory: Copied "../../../Samples/StarterContent/Content/StarterContent/Textures/T_Door_N.uasset" to "C:/Users/annma/Desktop/Ball-Runner/BallRunner_AM/Content/StarterContent/Textures/T_Door_N.uasset"
[2021.01.26-19.09.09:779][  0]LogPackFactory: Copied "../../../Samples/StarterContent/Content/StarterContent/Textures/T_Dust_Particle_D.uasset" to "C:/Users/annma/Desktop/Ball-Runner/BallRunner_AM/Content/StarterContent/Textures/T_Dust_Particle_D.uasset"
[2021.01.26-19.09.09:786][  0]LogPackFactory: Copied "../../../Samples/StarterContent/Content/StarterContent/Textures/T_Explosion_SubUV.uasset" to "C:/Users/annma/Desktop/Ball-Runner/BallRunner_AM/Content/StarterContent/Textures/T_Explosion_SubUV.uasset"
[2021.01.26-19.09.09:791][  0]LogPackFactory: Copied "../../../Samples/StarterContent/Content/StarterContent/Textures/T_Fire_SubUV.uasset" to "C:/Users/annma/Desktop/Ball-Runner/BallRunner_AM/Content/StarterContent/Textures/T_Fire_SubUV.uasset"
[2021.01.26-19.09.09:796][  0]LogPackFactory: Copied "../../../Samples/StarterContent/Content/StarterContent/Textures/T_Fire_Tiled_D.uasset" to "C:/Users/annma/Desktop/Ball-Runner/BallRunner_AM/Content/StarterContent/Textures/T_Fire_Tiled_D.uasset"
[2021.01.26-19.09.09:801][  0]LogPackFactory: Copied "../../../Samples/StarterContent/Content/StarterContent/Textures/T_Frame_M.uasset" to "C:/Users/annma/Desktop/Ball-Runner/BallRunner_AM/Content/StarterContent/Textures/T_Frame_M.uasset"
[2021.01.26-19.09.09:807][  0]LogPackFactory: Copied "../../../Samples/StarterContent/Content/StarterContent/Textures/T_Frame_N.uasset" to "C:/Users/annma/Desktop/Ball-Runner/BallRunner_AM/Content/StarterContent/Textures/T_Frame_N.uasset"
[2021.01.26-19.09.09:811][  0]LogPackFactory: Copied "../../../Samples/StarterContent/Content/StarterContent/Textures/T_Gradinet_01.uasset" to "C:/Users/annma/Desktop/Ball-Runner/BallRunner_AM/Content/StarterContent/Textures/T_Gradinet_01.uasset"
[2021.01.26-19.09.09:821][  0]LogPackFactory: Copied "../../../Samples/StarterContent/Content/StarterContent/Textures/T_Ground_Grass_D.uasset" to "C:/Users/annma/Desktop/Ball-Runner/BallRunner_AM/Content/StarterContent/Textures/T_Ground_Grass_D.uasset"
[2021.01.26-19.09.09:831][  0]LogPackFactory: Copied "../../../Samples/StarterContent/Content/StarterContent/Textures/T_Ground_Grass_N.uasset" to "C:/Users/annma/Desktop/Ball-Runner/BallRunner_AM/Content/StarterContent/Textures/T_Ground_Grass_N.uasset"
[2021.01.26-19.09.09:841][  0]LogPackFactory: Copied "../../../Samples/StarterContent/Content/StarterContent/Textures/T_Ground_Gravel_D.uasset" to "C:/Users/annma/Desktop/Ball-Runner/BallRunner_AM/Content/StarterContent/Textures/T_Ground_Gravel_D.uasset"
[2021.01.26-19.09.09:848][  0]LogPackFactory: Copied "../../../Samples/StarterContent/Content/StarterContent/Textures/T_Ground_Gravel_N.uasset" to "C:/Users/annma/Desktop/Ball-Runner/BallRunner_AM/Content/StarterContent/Textures/T_Ground_Gravel_N.uasset"
[2021.01.26-19.09.09:863][  0]LogPackFactory: Copied "../../../Samples/StarterContent/Content/StarterContent/Textures/T_ground_Moss_D.uasset" to "C:/Users/annma/Desktop/Ball-Runner/BallRunner_AM/Content/StarterContent/Textures/T_ground_Moss_D.uasset"
[2021.01.26-19.09.09:870][  0]LogPackFactory: Copied "../../../Samples/StarterContent/Content/StarterContent/Textures/T_Ground_Moss_N.uasset" to "C:/Users/annma/Desktop/Ball-Runner/BallRunner_AM/Content/StarterContent/Textures/T_Ground_Moss_N.uasset"
[2021.01.26-19.09.09:875][  0]LogPackFactory: Copied "../../../Samples/StarterContent/Content/StarterContent/Textures/T_Lamp_M.uasset" to "C:/Users/annma/Desktop/Ball-Runner/BallRunner_AM/Content/StarterContent/Textures/T_Lamp_M.uasset"
[2021.01.26-19.09.09:881][  0]LogPackFactory: Copied "../../../Samples/StarterContent/Content/StarterContent/Textures/T_Lamp_N.uasset" to "C:/Users/annma/Desktop/Ball-Runner/BallRunner_AM/Content/StarterContent/Textures/T_Lamp_N.uasset"
[2021.01.26-19.09.09:890][  0]LogPackFactory: Copied "../../../Samples/StarterContent/Content/StarterContent/Textures/T_MacroVariation.uasset" to "C:/Users/annma/Desktop/Ball-Runner/BallRunner_AM/Content/StarterContent/Textures/T_MacroVariation.uasset"
[2021.01.26-19.09.09:899][  0]LogPackFactory: Copied "../../../Samples/StarterContent/Content/StarterContent/Textures/T_Metal_Aluminum_D.uasset" to "C:/Users/annma/Desktop/Ball-Runner/BallRunner_AM/Content/StarterContent/Textures/T_Metal_Aluminum_D.uasset"
[2021.01.26-19.09.09:906][  0]LogPackFactory: Copied "../../../Samples/StarterContent/Content/StarterContent/Textures/T_Metal_Copper_D.uasset" to "C:/Users/annma/Desktop/Ball-Runner/BallRunner_AM/Content/StarterContent/Textures/T_Metal_Copper_D.uasset"
[2021.01.26-19.09.09:914][  0]LogPackFactory: Copied "../../../Samples/StarterContent/Content/StarterContent/Textures/T_Metal_Gold_D.uasset" to "C:/Users/annma/Desktop/Ball-Runner/BallRunner_AM/Content/StarterContent/Textures/T_Metal_Gold_D.uasset"
[2021.01.26-19.09.09:922][  0]LogPackFactory: Copied "../../../Samples/StarterContent/Content/StarterContent/Textures/T_Metal_Gold_N.uasset" to "C:/Users/annma/Desktop/Ball-Runner/BallRunner_AM/Content/StarterContent/Textures/T_Metal_Gold_N.uasset"
[2021.01.26-19.09.09:930][  0]LogPackFactory: Copied "../../../Samples/StarterContent/Content/StarterContent/Textures/T_Metal_Rust_D.uasset" to "C:/Users/annma/Desktop/Ball-Runner/BallRunner_AM/Content/StarterContent/Textures/T_Metal_Rust_D.uasset"
[2021.01.26-19.09.09:937][  0]LogPackFactory: Copied "../../../Samples/StarterContent/Content/StarterContent/Textures/T_Metal_Rust_N.uasset" to "C:/Users/annma/Desktop/Ball-Runner/BallRunner_AM/Content/StarterContent/Textures/T_Metal_Rust_N.uasset"
[2021.01.26-19.09.09:944][  0]LogPackFactory: Copied "../../../Samples/StarterContent/Content/StarterContent/Textures/T_Metal_Steel_D.uasset" to "C:/Users/annma/Desktop/Ball-Runner/BallRunner_AM/Content/StarterContent/Textures/T_Metal_Steel_D.uasset"
[2021.01.26-19.09.09:952][  0]LogPackFactory: Copied "../../../Samples/StarterContent/Content/StarterContent/Textures/T_Metal_Steel_N.uasset" to "C:/Users/annma/Desktop/Ball-Runner/BallRunner_AM/Content/StarterContent/Textures/T_Metal_Steel_N.uasset"
[2021.01.26-19.09.09:963][  0]LogPackFactory: Copied "../../../Samples/StarterContent/Content/StarterContent/Textures/T_Perlin_Noise_M.uasset" to "C:/Users/annma/Desktop/Ball-Runner/BallRunner_AM/Content/StarterContent/Textures/T_Perlin_Noise_M.uasset"
[2021.01.26-19.09.09:971][  0]LogPackFactory: Copied "../../../Samples/StarterContent/Content/StarterContent/Textures/T_RockMesh_M.uasset" to "C:/Users/annma/Desktop/Ball-Runner/BallRunner_AM/Content/StarterContent/Textures/T_RockMesh_M.uasset"
[2021.01.26-19.09.09:979][  0]LogPackFactory: Copied "../../../Samples/StarterContent/Content/StarterContent/Textures/T_RockMesh_N.uasset" to "C:/Users/annma/Desktop/Ball-Runner/BallRunner_AM/Content/StarterContent/Textures/T_RockMesh_N.uasset"
[2021.01.26-19.09.09:988][  0]LogPackFactory: Copied "../../../Samples/StarterContent/Content/StarterContent/Textures/T_Rock_Basalt_D.uasset" to "C:/Users/annma/Desktop/Ball-Runner/BallRunner_AM/Content/StarterContent/Textures/T_Rock_Basalt_D.uasset"
[2021.01.26-19.09.09:998][  0]LogPackFactory: Copied "../../../Samples/StarterContent/Content/StarterContent/Textures/T_Rock_Basalt_N.uasset" to "C:/Users/annma/Desktop/Ball-Runner/BallRunner_AM/Content/StarterContent/Textures/T_Rock_Basalt_N.uasset"
[2021.01.26-19.09.10:004][  0]LogPackFactory: Copied "../../../Samples/StarterContent/Content/StarterContent/Textures/T_Rock_Marble_Polished_D.uasset" to "C:/Users/annma/Desktop/Ball-Runner/BallRunner_AM/Content/StarterContent/Textures/T_Rock_Marble_Polished_D.uasset"
[2021.01.26-19.09.10:013][  0]LogPackFactory: Copied "../../../Samples/StarterContent/Content/StarterContent/Textures/T_Rock_Sandstone_D.uasset" to "C:/Users/annma/Desktop/Ball-Runner/BallRunner_AM/Content/StarterContent/Textures/T_Rock_Sandstone_D.uasset"
[2021.01.26-19.09.10:022][  0]LogPackFactory: Copied "../../../Samples/StarterContent/Content/StarterContent/Textures/T_Rock_Sandstone_N.uasset" to "C:/Users/annma/Desktop/Ball-Runner/BallRunner_AM/Content/StarterContent/Textures/T_Rock_Sandstone_N.uasset"
[2021.01.26-19.09.10:031][  0]LogPackFactory: Copied "../../../Samples/StarterContent/Content/StarterContent/Textures/T_Rock_Slate_D.uasset" to "C:/Users/annma/Desktop/Ball-Runner/BallRunner_AM/Content/StarterContent/Textures/T_Rock_Slate_D.uasset"
[2021.01.26-19.09.10:039][  0]LogPackFactory: Copied "../../../Samples/StarterContent/Content/StarterContent/Textures/T_Rock_Slate_N.uasset" to "C:/Users/annma/Desktop/Ball-Runner/BallRunner_AM/Content/StarterContent/Textures/T_Rock_Slate_N.uasset"
[2021.01.26-19.09.10:047][  0]LogPackFactory: Copied "../../../Samples/StarterContent/Content/StarterContent/Textures/T_Rock_Smooth_Granite_D.uasset" to "C:/Users/annma/Desktop/Ball-Runner/BallRunner_AM/Content/StarterContent/Textures/T_Rock_Smooth_Granite_D.uasset"
[2021.01.26-19.09.10:051][  0]LogPackFactory: Copied "../../../Samples/StarterContent/Content/StarterContent/Textures/T_Shelf_M.uasset" to "C:/Users/annma/Desktop/Ball-Runner/BallRunner_AM/Content/StarterContent/Textures/T_Shelf_M.uasset"
[2021.01.26-19.09.10:055][  0]LogPackFactory: Copied "../../../Samples/StarterContent/Content/StarterContent/Textures/T_Shelf_N.uasset" to "C:/Users/annma/Desktop/Ball-Runner/BallRunner_AM/Content/StarterContent/Textures/T_Shelf_N.uasset"
[2021.01.26-19.09.10:057][  0]LogPackFactory: Copied "../../../Samples/StarterContent/Content/StarterContent/Textures/T_Single_Tile_N.uasset" to "C:/Users/annma/Desktop/Ball-Runner/BallRunner_AM/Content/StarterContent/Textures/T_Single_Tile_N.uasset"
[2021.01.26-19.09.10:063][  0]LogPackFactory: Copied "../../../Samples/StarterContent/Content/StarterContent/Textures/T_Smoke_SubUV.uasset" to "C:/Users/annma/Desktop/Ball-Runner/BallRunner_AM/Content/StarterContent/Textures/T_Smoke_SubUV.uasset"
[2021.01.26-19.09.10:067][  0]LogPackFactory: Copied "../../../Samples/StarterContent/Content/StarterContent/Textures/T_Smoke_Tiled_D.uasset" to "C:/Users/annma/Desktop/Ball-Runner/BallRunner_AM/Content/StarterContent/Textures/T_Smoke_Tiled_D.uasset"
[2021.01.26-19.09.10:073][  0]LogPackFactory: Copied "../../../Samples/StarterContent/Content/StarterContent/Textures/T_Spark_Core.uasset" to "C:/Users/annma/Desktop/Ball-Runner/BallRunner_AM/Content/StarterContent/Textures/T_Spark_Core.uasset"
[2021.01.26-19.09.10:077][  0]LogPackFactory: Copied "../../../Samples/StarterContent/Content/StarterContent/Textures/T_Statue_M.uasset" to "C:/Users/annma/Desktop/Ball-Runner/BallRunner_AM/Content/StarterContent/Textures/T_Statue_M.uasset"
[2021.01.26-19.09.10:082][  0]LogPackFactory: Copied "../../../Samples/StarterContent/Content/StarterContent/Textures/T_Statue_N.uasset" to "C:/Users/annma/Desktop/Ball-Runner/BallRunner_AM/Content/StarterContent/Textures/T_Statue_N.uasset"
[2021.01.26-19.09.10:098][  0]LogPackFactory: Copied "../../../Samples/StarterContent/Content/StarterContent/Textures/T_TableRound_M.uasset" to "C:/Users/annma/Desktop/Ball-Runner/BallRunner_AM/Content/StarterContent/Textures/T_TableRound_M.uasset"
[2021.01.26-19.09.10:102][  0]LogPackFactory: Copied "../../../Samples/StarterContent/Content/StarterContent/Textures/T_TableRound_N.uasset" to "C:/Users/annma/Desktop/Ball-Runner/BallRunner_AM/Content/StarterContent/Textures/T_TableRound_N.uasset"
[2021.01.26-19.09.10:109][  0]LogPackFactory: Copied "../../../Samples/StarterContent/Content/StarterContent/Textures/T_Tech_Dot_M.uasset" to "C:/Users/annma/Desktop/Ball-Runner/BallRunner_AM/Content/StarterContent/Textures/T_Tech_Dot_M.uasset"
[2021.01.26-19.09.10:113][  0]LogPackFactory: Copied "../../../Samples/StarterContent/Content/StarterContent/Textures/T_Tech_Dot_N.uasset" to "C:/Users/annma/Desktop/Ball-Runner/BallRunner_AM/Content/StarterContent/Textures/T_Tech_Dot_N.uasset"
[2021.01.26-19.09.10:117][  0]LogPackFactory: Copied "../../../Samples/StarterContent/Content/StarterContent/Textures/T_Tech_Hex_Tile_M.uasset" to "C:/Users/annma/Desktop/Ball-Runner/BallRunner_AM/Content/StarterContent/Textures/T_Tech_Hex_Tile_M.uasset"
[2021.01.26-19.09.10:127][  0]LogPackFactory: Copied "../../../Samples/StarterContent/Content/StarterContent/Textures/T_Tech_Hex_Tile_N.uasset" to "C:/Users/annma/Desktop/Ball-Runner/BallRunner_AM/Content/StarterContent/Textures/T_Tech_Hex_Tile_N.uasset"
[2021.01.26-19.09.10:135][  0]LogPackFactory: Copied "../../../Samples/StarterContent/Content/StarterContent/Textures/T_Tech_Panel_M.uasset" to "C:/Users/annma/Desktop/Ball-Runner/BallRunner_AM/Content/StarterContent/Textures/T_Tech_Panel_M.uasset"
[2021.01.26-19.09.10:140][  0]LogPackFactory: Copied "../../../Samples/StarterContent/Content/StarterContent/Textures/T_Tech_Panel_N.uasset" to "C:/Users/annma/Desktop/Ball-Runner/BallRunner_AM/Content/StarterContent/Textures/T_Tech_Panel_N.uasset"
[2021.01.26-19.09.10:147][  0]LogPackFactory: Copied "../../../Samples/StarterContent/Content/StarterContent/Textures/T_Water_M.uasset" to "C:/Users/annma/Desktop/Ball-Runner/BallRunner_AM/Content/StarterContent/Textures/T_Water_M.uasset"
[2021.01.26-19.09.10:153][  0]LogPackFactory: Copied "../../../Samples/StarterContent/Content/StarterContent/Textures/T_Water_N.uasset" to "C:/Users/annma/Desktop/Ball-Runner/BallRunner_AM/Content/StarterContent/Textures/T_Water_N.uasset"
[2021.01.26-19.09.10:159][  0]LogPackFactory: Copied "../../../Samples/StarterContent/Content/StarterContent/Textures/T_Wood_Floor_Walnut_D.uasset" to "C:/Users/annma/Desktop/Ball-Runner/BallRunner_AM/Content/StarterContent/Textures/T_Wood_Floor_Walnut_D.uasset"
[2021.01.26-19.09.10:167][  0]LogPackFactory: Copied "../../../Samples/StarterContent/Content/StarterContent/Textures/T_Wood_Floor_Walnut_M.uasset" to "C:/Users/annma/Desktop/Ball-Runner/BallRunner_AM/Content/StarterContent/Textures/T_Wood_Floor_Walnut_M.uasset"
[2021.01.26-19.09.10:176][  0]LogPackFactory: Copied "../../../Samples/StarterContent/Content/StarterContent/Textures/T_Wood_Floor_Walnut_N.uasset" to "C:/Users/annma/Desktop/Ball-Runner/BallRunner_AM/Content/StarterContent/Textures/T_Wood_Floor_Walnut_N.uasset"
[2021.01.26-19.09.10:183][  0]LogPackFactory: Copied "../../../Samples/StarterContent/Content/StarterContent/Textures/T_Wood_Oak_D.uasset" to "C:/Users/annma/Desktop/Ball-Runner/BallRunner_AM/Content/StarterContent/Textures/T_Wood_Oak_D.uasset"
[2021.01.26-19.09.10:190][  0]LogPackFactory: Copied "../../../Samples/StarterContent/Content/StarterContent/Textures/T_Wood_Oak_N.uasset" to "C:/Users/annma/Desktop/Ball-Runner/BallRunner_AM/Content/StarterContent/Textures/T_Wood_Oak_N.uasset"
[2021.01.26-19.09.10:201][  0]LogPackFactory: Copied "../../../Samples/StarterContent/Content/StarterContent/Textures/T_Wood_Pine_D.uasset" to "C:/Users/annma/Desktop/Ball-Runner/BallRunner_AM/Content/StarterContent/Textures/T_Wood_Pine_D.uasset"
[2021.01.26-19.09.10:207][  0]LogPackFactory: Copied "../../../Samples/StarterContent/Content/StarterContent/Textures/T_Wood_Pine_N.uasset" to "C:/Users/annma/Desktop/Ball-Runner/BallRunner_AM/Content/StarterContent/Textures/T_Wood_Pine_N.uasset"
[2021.01.26-19.09.10:214][  0]LogPackFactory: Copied "../../../Samples/StarterContent/Content/StarterContent/Textures/T_Wood_Walnut_D.uasset" to "C:/Users/annma/Desktop/Ball-Runner/BallRunner_AM/Content/StarterContent/Textures/T_Wood_Walnut_D.uasset"
[2021.01.26-19.09.10:221][  0]LogPackFactory: Copied "../../../Samples/StarterContent/Content/StarterContent/Textures/T_Wood_Walnut_N.uasset" to "C:/Users/annma/Desktop/Ball-Runner/BallRunner_AM/Content/StarterContent/Textures/T_Wood_Walnut_N.uasset"
[2021.01.26-19.09.10:261][  0]LogRenderer: Reallocating scene render targets to support 256x256 Format 10 NumSamples 1 (Frame:1).
[2021.01.26-19.09.10:327][  0]Cmd: OBJ SAVEPACKAGE PACKAGE="/Game/StarterContent/Architecture/Floor_400x400" FILE="C:/Users/annma/Desktop/Ball-Runner/BallRunner_AM/Content/StarterContent/Architecture/Floor_400x400.uasset" SILENT=true
[2021.01.26-19.09.10:345][  0]LogSavePackage: Moving 'C:/Users/annma/Desktop/Ball-Runner/BallRunner_AM/Saved/Floor_400x4008750C66E4E8A2346EA8FC3B7A2557AC0.tmp' to 'C:/Users/annma/Desktop/Ball-Runner/BallRunner_AM/Content/StarterContent/Architecture/Floor_400x400.uasset'
[2021.01.26-19.09.10:348][  0]LogFeaturePack: Warning: Inserted 1 feature packs
[2021.01.26-19.09.10:352][  0]Cmd: MAP LOAD FILE="C:/Users/annma/Desktop/Ball-Runner/BallRunner_AM/Content/StarterContent/Maps/Minimal_Default.umap" TEMPLATE=0 SHOWPROGRESS=1 FEATURELEVEL=3
[2021.01.26-19.09.10:352][  0]LightingResults: New page: Lighting Build
[2021.01.26-19.09.10:353][  0]MapCheck: New page: Map Check
[2021.01.26-19.09.10:354][  0]LightingResults: New page: Lighting Build
[2021.01.26-19.09.10:627][  0]LogAIModule: Creating AISystem for world Minimal_Default
[2021.01.26-19.09.10:634][  0]LogEditorServer: Finished looking for orphan Actors (0.000 secs)
[2021.01.26-19.09.10:658][  0]Cmd: MAP CHECKDEP NOCLEARLOG
[2021.01.26-19.09.10:704][  0]MapCheck: Map check complete: 0 Error(s), 0 Warning(s), took 45,232ms to complete.
[2021.01.26-19.09.10:704][  0]LogFileHelpers: Loading map 'Minimal_Default' took 0.351
[2021.01.26-19.09.10:789][  0]LogSlate: Updating window title bar state: overlay mode, drag disabled, window buttons hidden, title bar hidden
[2021.01.26-19.09.10:794][  0]LogSlate: Updating window title bar state: overlay mode, drag disabled, window buttons hidden, title bar hidden
[2021.01.26-19.09.10:799][  0]LogSlate: Updating window title bar state: overlay mode, drag disabled, window buttons hidden, title bar hidden
[2021.01.26-19.09.10:805][  0]LogSlate: Updating window title bar state: overlay mode, drag disabled, window buttons hidden, title bar hidden
[2021.01.26-19.09.10:808][  0]LogCollectionManager: Loaded 0 collections in 0.000674 seconds
[2021.01.26-19.09.10:849][  0]LogFileCache: Scanning file cache for directory 'C:/Users/annma/Desktop/Ball-Runner/BallRunner_AM/Saved/Collections/' took 0.01s
[2021.01.26-19.09.10:849][  0]LogFileCache: Scanning file cache for directory 'C:/Users/annma/Desktop/Ball-Runner/BallRunner_AM/Content/Developers/annma/Collections/' took 0.01s
[2021.01.26-19.09.10:849][  0]LogFileCache: Scanning file cache for directory 'C:/Users/annma/Desktop/Ball-Runner/BallRunner_AM/Content/Collections/' took 0.01s
[2021.01.26-19.09.10:849][  0]LogCollectionManager: Rebuilt the GUID cache for 0 collections in 0.000000 seconds
[2021.01.26-19.09.10:857][  0]LogContentBrowser: Native class hierarchy populated in 0.0079 seconds. Added 2572 classes and 603 folders.
[2021.01.26-19.09.10:860][  0]LogContentBrowser: Native class hierarchy updated for 'WidgetCarousel' in 0.0002 seconds. Added 0 classes and 0 folders.
[2021.01.26-19.09.10:885][  0]LogContentBrowser: Native class hierarchy updated for 'AddContentDialog' in 0.0002 seconds. Added 0 classes and 0 folders.
[2021.01.26-19.09.10:888][  0]LogContentBrowser: Native class hierarchy updated for 'SceneOutliner' in 0.0002 seconds. Added 1 classes and 2 folders.
[2021.01.26-19.09.10:946][  0]LogSlate: Took 0.000129 seconds to synchronously load lazily loaded font '../../../Engine/Content/Slate/Fonts/Roboto-Regular.ttf' (155K)
[2021.01.26-19.09.10:948][  0]LogSlate: Took 0.000115 seconds to synchronously load lazily loaded font '../../../Engine/Content/Slate/Fonts/Roboto-Bold.ttf' (160K)
[2021.01.26-19.09.10:952][  0]LogSlate: Took 0.000462 seconds to synchronously load lazily loaded font '../../../Engine/Content/Editor/Slate/Fonts/FontAwesome.ttf' (139K)
[2021.01.26-19.09.10:998][  0]LogRenderer: Reallocating scene render targets to support 1156x668 Format 10 NumSamples 1 (Frame:1).
[2021.01.26-19.09.11:041][  0]LogSlate: Took 0.000167 seconds to synchronously load lazily loaded font '../../../Engine/Content/Slate/Fonts/Roboto-Light.ttf' (167K)
[2021.01.26-19.09.11:183][  0]LogContentBrowser: Native class hierarchy updated for 'HierarchicalLODOutliner' in 0.0002 seconds. Added 0 classes and 0 folders.
[2021.01.26-19.09.11:183][  0]LogLoad: (Engine Initialization) Total time: 9.71 seconds
[2021.01.26-19.09.11:183][  0]LogLoad: (Engine Initialization) Total Blueprint compile time: 0.00 seconds
[2021.01.26-19.09.11:227][  0]LogAssetRegistry: Asset discovery search completed in 6.8428 seconds
[2021.01.26-19.09.11:228][  0]LogCollectionManager: Rebuilt the object cache for 0 collections in 0.000000 seconds (found 0 objects)
[2021.01.26-19.09.11:228][  0]LogCollectionManager: Fixed up redirectors for 0 collections in 0.000038 seconds (updated 0 objects)
[2021.01.26-19.09.11:328][  0]LogContentStreaming: Texture pool size now 1000 MB
[2021.01.26-19.09.15:871][261]LogSlate: FSceneViewport::OnFocusLost() reason 0
[2021.01.26-19.09.39:233][651]LogSlate: Window 'New Level' being destroyed
[2021.01.26-19.09.39:237][651]LightingResults: New page: Lighting Build
[2021.01.26-19.09.39:237][651]MapCheck: New page: Map Check
[2021.01.26-19.09.39:237][651]LightingResults: New page: Lighting Build
[2021.01.26-19.09.39:258][651]LogAIModule: Creating AISystem for world Untitled
[2021.01.26-19.09.39:298][651]LoadErrors: New page: New Map
[2021.01.26-19.10.29:744][203]LogSlate: Window 'Save Level As' being destroyed
[2021.01.26-19.10.29:791][203]LogSlate: Took 0.000122 seconds to synchronously load lazily loaded font '../../../Engine/Content/Slate/Fonts/Roboto-Light.ttf' (167K)
[2021.01.26-19.10.29:808][203]Cmd: OBJ SAVEPACKAGE PACKAGE="/Game/MainLevel" FILE="C:/Users/annma/Desktop/Ball-Runner/BallRunner_AM/Content/MainLevel.umap" SILENT=true AUTOSAVING=false KEEPDIRTY=false
[2021.01.26-19.10.29:838][203]LogSavePackage: Moving 'C:/Users/annma/Desktop/Ball-Runner/BallRunner_AM/Saved/MainLevel359F36924683BB4FD1DA329B4C78100F.tmp' to 'C:/Users/annma/Desktop/Ball-Runner/BallRunner_AM/Content/MainLevel.umap'
[2021.01.26-19.10.29:853][203]LogFileHelpers: Saving map 'MainLevel' took 0.104
[2021.01.26-19.10.42:285][941]Cmd: OBJ SAVEPACKAGE PACKAGE="/Game/Levels/MainLevel" FILE="C:/Users/annma/Desktop/Ball-Runner/BallRunner_AM/Content/Levels/MainLevel.umap" SILENT=true AUTOSAVING=false KEEPDIRTY=false
[2021.01.26-19.10.42:318][941]LogSavePackage: Moving 'C:/Users/annma/Desktop/Ball-Runner/BallRunner_AM/Saved/MainLevel71389C304F25A567450EA38032976B38.tmp' to 'C:/Users/annma/Desktop/Ball-Runner/BallRunner_AM/Content/Levels/MainLevel.umap'
[2021.01.26-19.10.42:326][941]LogFileHelpers: Saving map 'MainLevel' took 0.076
[2021.01.26-19.10.44:067][ 38]Cmd: OBJ SAVEPACKAGE PACKAGE="/Game/Levels/MainLevel" FILE="C:/Users/annma/Desktop/Ball-Runner/BallRunner_AM/Content/Levels/MainLevel.umap" SILENT=true AUTOSAVING=false KEEPDIRTY=false
[2021.01.26-19.10.44:097][ 38]LogSavePackage: Moving 'C:/Users/annma/Desktop/Ball-Runner/BallRunner_AM/Saved/MainLevelDC0C0D444ADD9D67B604E9A428FA7DDE.tmp' to 'C:/Users/annma/Desktop/Ball-Runner/BallRunner_AM/Content/Levels/MainLevel.umap'
